2012-02-21 11:23:51 Notice: Notice (8): Undefined variable: contact in [/home/jitendra/public_html/myphone/app/View/Contacts/add.ctp, line 8]
Trace:
include - APP/View/Contacts/add.ctp, line 8
View::_render() - CORE/Cake/View/View.php, line 595
View::render() - CORE/Cake/View/View.php, line 362
Controller::render() - CORE/Cake/Controller/Controller.php, line 900
Dispatcher::_invoke() - CORE/Cake/Routing/Dispatcher.php, line 111
Dispatcher::dispatch() - CORE/Cake/Routing/Dispatcher.php, line 86
[main] - APP/webroot/index.php, line 96

2012-02-21 11:26:55 Notice: Notice (8): Undefined variable: contact in [/home/jitendra/public_html/myphone/app/View/Contacts/add.ctp, line 2]
Trace:
include - APP/View/Contacts/add.ctp, line 2
View::_render() - CORE/Cake/View/View.php, line 595
View::render() - CORE/Cake/View/View.php, line 362
Controller::render() - CORE/Cake/Controller/Controller.php, line 900
Dispatcher::_invoke() - CORE/Cake/Routing/Dispatcher.php, line 111
Dispatcher::dispatch() - CORE/Cake/Routing/Dispatcher.php, line 86
[main] - APP/webroot/index.php, line 96

2012-02-21 11:26:55 Notice: Notice (8): Undefined variable: contact in [/home/jitendra/public_html/myphone/app/View/Contacts/add.ctp, line 8]
Trace:
include - APP/View/Contacts/add.ctp, line 8
View::_render() - CORE/Cake/View/View.php, line 595
View::render() - CORE/Cake/View/View.php, line 362
Controller::render() - CORE/Cake/Controller/Controller.php, line 900
Dispatcher::_invoke() - CORE/Cake/Routing/Dispatcher.php, line 111
Dispatcher::dispatch() - CORE/Cake/Routing/Dispatcher.php, line 86
[main] - APP/webroot/index.php, line 96

2012-02-21 11:29:54 Notice: Notice (8): Undefined variable: contact in [/home/jitendra/public_html/myphone/app/View/Contacts/add.ctp, line 2]
Trace:
include - APP/View/Contacts/add.ctp, line 2
View::_render() - CORE/Cake/View/View.php, line 595
View::render() - CORE/Cake/View/View.php, line 362
Controller::render() - CORE/Cake/Controller/Controller.php, line 900
Dispatcher::_invoke() - CORE/Cake/Routing/Dispatcher.php, line 111
Dispatcher::dispatch() - CORE/Cake/Routing/Dispatcher.php, line 86
[main] - APP/webroot/index.php, line 96

2012-02-21 11:29:54 Notice: Notice (8): Undefined variable: contact in [/home/jitendra/public_html/myphone/app/View/Contacts/add.ctp, line 8]
Trace:
include - APP/View/Contacts/add.ctp, line 8
View::_render() - CORE/Cake/View/View.php, line 595
View::render() - CORE/Cake/View/View.php, line 362
Controller::render() - CORE/Cake/Controller/Controller.php, line 900
Dispatcher::_invoke() - CORE/Cake/Routing/Dispatcher.php, line 111
Dispatcher::dispatch() - CORE/Cake/Routing/Dispatcher.php, line 86
[main] - APP/webroot/index.php, line 96

2012-02-21 11:30:00 Notice: Notice (8): Undefined variable: contact in [/home/jitendra/public_html/myphone/app/View/Contacts/add.ctp, line 2]
Trace:
include - APP/View/Contacts/add.ctp, line 2
View::_render() - CORE/Cake/View/View.php, line 595
View::render() - CORE/Cake/View/View.php, line 362
Controller::render() - CORE/Cake/Controller/Controller.php, line 900
Dispatcher::_invoke() - CORE/Cake/Routing/Dispatcher.php, line 111
Dispatcher::dispatch() - CORE/Cake/Routing/Dispatcher.php, line 86
[main] - APP/webroot/index.php, line 96

2012-02-21 11:30:00 Notice: Notice (8): Undefined variable: contact in [/home/jitendra/public_html/myphone/app/View/Contacts/add.ctp, line 8]
Trace:
include - APP/View/Contacts/add.ctp, line 8
View::_render() - CORE/Cake/View/View.php, line 595
View::render() - CORE/Cake/View/View.php, line 362
Controller::render() - CORE/Cake/Controller/Controller.php, line 900
Dispatcher::_invoke() - CORE/Cake/Routing/Dispatcher.php, line 111
Dispatcher::dispatch() - CORE/Cake/Routing/Dispatcher.php, line 86
[main] - APP/webroot/index.php, line 96

2012-02-21 11:30:11 Notice: Notice (8): Undefined variable: contact in [/home/jitendra/public_html/myphone/app/View/Contacts/add.ctp, line 2]
Trace:
include - APP/View/Contacts/add.ctp, line 2
View::_render() - CORE/Cake/View/View.php, line 595
View::render() - CORE/Cake/View/View.php, line 362
Controller::render() - CORE/Cake/Controller/Controller.php, line 900
Dispatcher::_invoke() - CORE/Cake/Routing/Dispatcher.php, line 111
Dispatcher::dispatch() - CORE/Cake/Routing/Dispatcher.php, line 86
[main] - APP/webroot/index.php, line 96

2012-02-21 11:30:11 Notice: Notice (8): Undefined variable: contact in [/home/jitendra/public_html/myphone/app/View/Contacts/add.ctp, line 8]
Trace:
include - APP/View/Contacts/add.ctp, line 8
View::_render() - CORE/Cake/View/View.php, line 595
View::render() - CORE/Cake/View/View.php, line 362
Controller::render() - CORE/Cake/Controller/Controller.php, line 900
Dispatcher::_invoke() - CORE/Cake/Routing/Dispatcher.php, line 111
Dispatcher::dispatch() - CORE/Cake/Routing/Dispatcher.php, line 86
[main] - APP/webroot/index.php, line 96

2012-02-21 12:48:08 Notice: Notice (8): Undefined index: suffix in [/home/jitendra/public_html/myphone/app/Controller/contacts_controller.php, line 26]
Trace:
ContactsController::add() - APP/Controller/contacts_controller.php, line 26
ReflectionMethod::invokeArgs() - [internal], line ??
Controller::invokeAction() - CORE/Cake/Controller/Controller.php, line 473
Dispatcher::_invoke() - CORE/Cake/Routing/Dispatcher.php, line 104
Dispatcher::dispatch() - CORE/Cake/Routing/Dispatcher.php, line 86
[main] - APP/webroot/index.php, line 96

2012-02-21 12:48:35 Notice: Notice (8): Undefined index: suffix in [/home/jitendra/public_html/myphone/app/Controller/contacts_controller.php, line 26]
Trace:
ContactsController::add() - APP/Controller/contacts_controller.php, line 26
ReflectionMethod::invokeArgs() - [internal], line ??
Controller::invokeAction() - CORE/Cake/Controller/Controller.php, line 473
Dispatcher::_invoke() - CORE/Cake/Routing/Dispatcher.php, line 104
Dispatcher::dispatch() - CORE/Cake/Routing/Dispatcher.php, line 86
[main] - APP/webroot/index.php, line 96

2012-02-21 12:52:45 Notice: Notice (8): Undefined index: suffix in [/home/jitendra/public_html/myphone/app/Controller/contacts_controller.php, line 26]
Trace:
ContactsController::add() - APP/Controller/contacts_controller.php, line 26
ReflectionMethod::invokeArgs() - [internal], line ??
Controller::invokeAction() - CORE/Cake/Controller/Controller.php, line 473
Dispatcher::_invoke() - CORE/Cake/Routing/Dispatcher.php, line 104
Dispatcher::dispatch() - CORE/Cake/Routing/Dispatcher.php, line 86
[main] - APP/webroot/index.php, line 96

2012-02-21 12:54:23 Notice: Notice (8): Undefined index: suffix in [/home/jitendra/public_html/myphone/app/Controller/contacts_controller.php, line 26]
Trace:
ContactsController::add() - APP/Controller/contacts_controller.php, line 26
ReflectionMethod::invokeArgs() - [internal], line ??
Controller::invokeAction() - CORE/Cake/Controller/Controller.php, line 473
Dispatcher::_invoke() - CORE/Cake/Routing/Dispatcher.php, line 104
Dispatcher::dispatch() - CORE/Cake/Routing/Dispatcher.php, line 86
[main] - APP/webroot/index.php, line 96

2012-02-21 12:56:51 Notice: Notice (8): Undefined index: suffix in [/home/jitendra/public_html/myphone/app/Controller/contacts_controller.php, line 26]
Trace:
ContactsController::add() - APP/Controller/contacts_controller.php, line 26
ReflectionMethod::invokeArgs() - [internal], line ??
Controller::invokeAction() - CORE/Cake/Controller/Controller.php, line 473
Dispatcher::_invoke() - CORE/Cake/Routing/Dispatcher.php, line 104
Dispatcher::dispatch() - CORE/Cake/Routing/Dispatcher.php, line 86
[main] - APP/webroot/index.php, line 96

2012-02-21 12:58:00 Notice: Notice (8): Undefined index: suffix in [/home/jitendra/public_html/myphone/app/Controller/contacts_controller.php, line 26]
Trace:
ContactsController::add() - APP/Controller/contacts_controller.php, line 26
ReflectionMethod::invokeArgs() - [internal], line ??
Controller::invokeAction() - CORE/Cake/Controller/Controller.php, line 473
Dispatcher::_invoke() - CORE/Cake/Routing/Dispatcher.php, line 104
Dispatcher::dispatch() - CORE/Cake/Routing/Dispatcher.php, line 86
[main] - APP/webroot/index.php, line 96

2012-02-21 12:58:37 Notice: Notice (8): Undefined index: suffix in [/home/jitendra/public_html/myphone/app/Controller/contacts_controller.php, line 26]
Trace:
ContactsController::add() - APP/Controller/contacts_controller.php, line 26
ReflectionMethod::invokeArgs() - [internal], line ??
Controller::invokeAction() - CORE/Cake/Controller/Controller.php, line 473
Dispatcher::_invoke() - CORE/Cake/Routing/Dispatcher.php, line 104
Dispatcher::dispatch() - CORE/Cake/Routing/Dispatcher.php, line 86
[main] - APP/webroot/index.php, line 96

2012-02-21 12:58:48 Notice: Notice (8): Undefined index: suffix in [/home/jitendra/public_html/myphone/app/Controller/contacts_controller.php, line 26]
Trace:
ContactsController::add() - APP/Controller/contacts_controller.php, line 26
ReflectionMethod::invokeArgs() - [internal], line ??
Controller::invokeAction() - CORE/Cake/Controller/Controller.php, line 473
Dispatcher::_invoke() - CORE/Cake/Routing/Dispatcher.php, line 104
Dispatcher::dispatch() - CORE/Cake/Routing/Dispatcher.php, line 86
[main] - APP/webroot/index.php, line 96

2012-02-21 12:59:06 Notice: Notice (8): Undefined index: suffix in [/home/jitendra/public_html/myphone/app/Controller/contacts_controller.php, line 26]
Trace:
ContactsController::add() - APP/Controller/contacts_controller.php, line 26
ReflectionMethod::invokeArgs() - [internal], line ??
Controller::invokeAction() - CORE/Cake/Controller/Controller.php, line 473
Dispatcher::_invoke() - CORE/Cake/Routing/Dispatcher.php, line 104
Dispatcher::dispatch() - CORE/Cake/Routing/Dispatcher.php, line 86
[main] - APP/webroot/index.php, line 96

2012-02-21 13:07:18 Notice: Notice (8): Undefined index: suffix in [/home/jitendra/public_html/myphone/app/Controller/contacts_controller.php, line 26]
Trace:
ContactsController::add() - APP/Controller/contacts_controller.php, line 26
ReflectionMethod::invokeArgs() - [internal], line ??
Controller::invokeAction() - CORE/Cake/Controller/Controller.php, line 473
Dispatcher::_invoke() - CORE/Cake/Routing/Dispatcher.php, line 104
Dispatcher::dispatch() - CORE/Cake/Routing/Dispatcher.php, line 86
[main] - APP/webroot/index.php, line 96

2012-02-21 13:16:12 Notice: Notice (8): Undefined index: suffix in [/home/jitendra/public_html/myphone/app/Controller/contacts_controller.php, line 26]
Trace:
ContactsController::add() - APP/Controller/contacts_controller.php, line 26
ReflectionMethod::invokeArgs() - [internal], line ??
Controller::invokeAction() - CORE/Cake/Controller/Controller.php, line 473
Dispatcher::_invoke() - CORE/Cake/Routing/Dispatcher.php, line 104
Dispatcher::dispatch() - CORE/Cake/Routing/Dispatcher.php, line 86
[main] - APP/webroot/index.php, line 96

2012-02-21 13:16:26 Notice: Notice (8): Undefined index: suffix in [/home/jitendra/public_html/myphone/app/Controller/contacts_controller.php, line 26]
Trace:
ContactsController::add() - APP/Controller/contacts_controller.php, line 26
ReflectionMethod::invokeArgs() - [internal], line ??
Controller::invokeAction() - CORE/Cake/Controller/Controller.php, line 473
Dispatcher::_invoke() - CORE/Cake/Routing/Dispatcher.php, line 104
Dispatcher::dispatch() - CORE/Cake/Routing/Dispatcher.php, line 86
[main] - APP/webroot/index.php, line 96

2012-02-21 13:30:48 Notice: Notice (8): Undefined index: suffix in [/home/jitendra/public_html/myphone/app/Controller/contacts_controller.php, line 26]
Trace:
ContactsController::add() - APP/Controller/contacts_controller.php, line 26
ReflectionMethod::invokeArgs() - [internal], line ??
Controller::invokeAction() - CORE/Cake/Controller/Controller.php, line 473
Dispatcher::_invoke() - CORE/Cake/Routing/Dispatcher.php, line 104
Dispatcher::dispatch() - CORE/Cake/Routing/Dispatcher.php, line 86
[main] - APP/webroot/index.php, line 96

2012-02-21 13:30:55 Notice: Notice (8): Undefined index: suffix in [/home/jitendra/public_html/myphone/app/Controller/contacts_controller.php, line 26]
Trace:
ContactsController::add() - APP/Controller/contacts_controller.php, line 26
ReflectionMethod::invokeArgs() - [internal], line ??
Controller::invokeAction() - CORE/Cake/Controller/Controller.php, line 473
Dispatcher::_invoke() - CORE/Cake/Routing/Dispatcher.php, line 104
Dispatcher::dispatch() - CORE/Cake/Routing/Dispatcher.php, line 86
[main] - APP/webroot/index.php, line 96

2012-02-21 13:32:30 Notice: Notice (8): Undefined index: suffix in [/home/jitendra/public_html/myphone/app/Controller/contacts_controller.php, line 26]
Trace:
ContactsController::add() - APP/Controller/contacts_controller.php, line 26
ReflectionMethod::invokeArgs() - [internal], line ??
Controller::invokeAction() - CORE/Cake/Controller/Controller.php, line 473
Dispatcher::_invoke() - CORE/Cake/Routing/Dispatcher.php, line 104
Dispatcher::dispatch() - CORE/Cake/Routing/Dispatcher.php, line 86
[main] - APP/webroot/index.php, line 96

2012-02-21 13:32:36 Notice: Notice (8): Undefined index: suffix in [/home/jitendra/public_html/myphone/app/Controller/contacts_controller.php, line 26]
Trace:
ContactsController::add() - APP/Controller/contacts_controller.php, line 26
ReflectionMethod::invokeArgs() - [internal], line ??
Controller::invokeAction() - CORE/Cake/Controller/Controller.php, line 473
Dispatcher::_invoke() - CORE/Cake/Routing/Dispatcher.php, line 104
Dispatcher::dispatch() - CORE/Cake/Routing/Dispatcher.php, line 86
[main] - APP/webroot/index.php, line 96

2012-02-21 13:34:42 Notice: Notice (8): Undefined index: suffix in [/home/jitendra/public_html/myphone/app/Controller/contacts_controller.php, line 26]
Trace:
ContactsController::add() - APP/Controller/contacts_controller.php, line 26
ReflectionMethod::invokeArgs() - [internal], line ??
Controller::invokeAction() - CORE/Cake/Controller/Controller.php, line 473
Dispatcher::_invoke() - CORE/Cake/Routing/Dispatcher.php, line 104
Dispatcher::dispatch() - CORE/Cake/Routing/Dispatcher.php, line 86
[main] - APP/webroot/index.php, line 96

2012-02-21 13:34:50 Notice: Notice (8): Undefined index: suffix in [/home/jitendra/public_html/myphone/app/Controller/contacts_controller.php, line 26]
Trace:
ContactsController::add() - APP/Controller/contacts_controller.php, line 26
ReflectionMethod::invokeArgs() - [internal], line ??
Controller::invokeAction() - CORE/Cake/Controller/Controller.php, line 473
Dispatcher::_invoke() - CORE/Cake/Routing/Dispatcher.php, line 104
Dispatcher::dispatch() - CORE/Cake/Routing/Dispatcher.php, line 86
[main] - APP/webroot/index.php, line 96

2012-02-21 13:35:09 Notice: Notice (8): Undefined index: suffix in [/home/jitendra/public_html/myphone/app/Controller/contacts_controller.php, line 26]
Trace:
ContactsController::add() - APP/Controller/contacts_controller.php, line 26
ReflectionMethod::invokeArgs() - [internal], line ??
Controller::invokeAction() - CORE/Cake/Controller/Controller.php, line 473
Dispatcher::_invoke() - CORE/Cake/Routing/Dispatcher.php, line 104
Dispatcher::dispatch() - CORE/Cake/Routing/Dispatcher.php, line 86
[main] - APP/webroot/index.php, line 96

2012-02-21 13:38:39 Notice: Notice (8): Undefined index: suffix in [/home/jitendra/public_html/myphone/app/Controller/contacts_controller.php, line 26]
Trace:
ContactsController::add() - APP/Controller/contacts_controller.php, line 26
ReflectionMethod::invokeArgs() - [internal], line ??
Controller::invokeAction() - CORE/Cake/Controller/Controller.php, line 473
Dispatcher::_invoke() - CORE/Cake/Routing/Dispatcher.php, line 104
Dispatcher::dispatch() - CORE/Cake/Routing/Dispatcher.php, line 86
[main] - APP/webroot/index.php, line 96

2012-02-21 13:39:11 Notice: Notice (8): Undefined index: suffix in [/home/jitendra/public_html/myphone/app/Controller/contacts_controller.php, line 26]
Trace:
ContactsController::add() - APP/Controller/contacts_controller.php, line 26
ReflectionMethod::invokeArgs() - [internal], line ??
Controller::invokeAction() - CORE/Cake/Controller/Controller.php, line 473
Dispatcher::_invoke() - CORE/Cake/Routing/Dispatcher.php, line 104
Dispatcher::dispatch() - CORE/Cake/Routing/Dispatcher.php, line 86
[main] - APP/webroot/index.php, line 96

2012-02-21 13:39:53 Notice: Notice (8): Undefined index: suffix in [/home/jitendra/public_html/myphone/app/Controller/contacts_controller.php, line 26]
Trace:
ContactsController::add() - APP/Controller/contacts_controller.php, line 26
ReflectionMethod::invokeArgs() - [internal], line ??
Controller::invokeAction() - CORE/Cake/Controller/Controller.php, line 473
Dispatcher::_invoke() - CORE/Cake/Routing/Dispatcher.php, line 104
Dispatcher::dispatch() - CORE/Cake/Routing/Dispatcher.php, line 86
[main] - APP/webroot/index.php, line 96

2012-02-21 14:16:08 Notice: Notice (8): Undefined index: suffix in [/home/jitendra/public_html/myphone/app/Controller/contacts_controller.php, line 26]
Trace:
ContactsController::add() - APP/Controller/contacts_controller.php, line 26
ReflectionMethod::invokeArgs() - [internal], line ??
Controller::invokeAction() - CORE/Cake/Controller/Controller.php, line 473
Dispatcher::_invoke() - CORE/Cake/Routing/Dispatcher.php, line 104
Dispatcher::dispatch() - CORE/Cake/Routing/Dispatcher.php, line 86
[main] - APP/webroot/index.php, line 96

2012-02-21 14:16:13 Notice: Notice (8): Undefined index: suffix in [/home/jitendra/public_html/myphone/app/Controller/contacts_controller.php, line 26]
Trace:
ContactsController::add() - APP/Controller/contacts_controller.php, line 26
ReflectionMethod::invokeArgs() - [internal], line ??
Controller::invokeAction() - CORE/Cake/Controller/Controller.php, line 473
Dispatcher::_invoke() - CORE/Cake/Routing/Dispatcher.php, line 104
Dispatcher::dispatch() - CORE/Cake/Routing/Dispatcher.php, line 86
[main] - APP/webroot/index.php, line 96

2012-02-21 14:20:04 Notice: Notice (8): Undefined index: suffix in [/home/jitendra/public_html/myphone/app/Controller/contacts_controller.php, line 26]
Trace:
ContactsController::add() - APP/Controller/contacts_controller.php, line 26
ReflectionMethod::invokeArgs() - [internal], line ??
Controller::invokeAction() - CORE/Cake/Controller/Controller.php, line 473
Dispatcher::_invoke() - CORE/Cake/Routing/Dispatcher.php, line 104
Dispatcher::dispatch() - CORE/Cake/Routing/Dispatcher.php, line 86
[main] - APP/webroot/index.php, line 96

2012-02-21 14:20:41 Notice: Notice (8): Undefined index: suffix in [/home/jitendra/public_html/myphone/app/Controller/contacts_controller.php, line 26]
Trace:
ContactsController::add() - APP/Controller/contacts_controller.php, line 26
ReflectionMethod::invokeArgs() - [internal], line ??
Controller::invokeAction() - CORE/Cake/Controller/Controller.php, line 473
Dispatcher::_invoke() - CORE/Cake/Routing/Dispatcher.php, line 104
Dispatcher::dispatch() - CORE/Cake/Routing/Dispatcher.php, line 86
[main] - APP/webroot/index.php, line 96

2012-02-21 14:21:06 Notice: Notice (8): Undefined index: suffix in [/home/jitendra/public_html/myphone/app/Controller/contacts_controller.php, line 26]
Trace:
ContactsController::add() - APP/Controller/contacts_controller.php, line 26
ReflectionMethod::invokeArgs() - [internal], line ??
Controller::invokeAction() - CORE/Cake/Controller/Controller.php, line 473
Dispatcher::_invoke() - CORE/Cake/Routing/Dispatcher.php, line 104
Dispatcher::dispatch() - CORE/Cake/Routing/Dispatcher.php, line 86
[main] - APP/webroot/index.php, line 96

2012-02-21 14:30:21 Notice: Notice (8): Undefined index: suffix in [/home/jitendra/public_html/myphone/app/Controller/contacts_controller.php, line 26]
Trace:
ContactsController::add() - APP/Controller/contacts_controller.php, line 26
ReflectionMethod::invokeArgs() - [internal], line ??
Controller::invokeAction() - CORE/Cake/Controller/Controller.php, line 473
Dispatcher::_invoke() - CORE/Cake/Routing/Dispatcher.php, line 104
Dispatcher::dispatch() - CORE/Cake/Routing/Dispatcher.php, line 86
[main] - APP/webroot/index.php, line 96

2012-02-21 14:30:41 Notice: Notice (8): Undefined index: suffix in [/home/jitendra/public_html/myphone/app/Controller/contacts_controller.php, line 26]
Trace:
ContactsController::add() - APP/Controller/contacts_controller.php, line 26
ReflectionMethod::invokeArgs() - [internal], line ??
Controller::invokeAction() - CORE/Cake/Controller/Controller.php, line 473
Dispatcher::_invoke() - CORE/Cake/Routing/Dispatcher.php, line 104
Dispatcher::dispatch() - CORE/Cake/Routing/Dispatcher.php, line 86
[main] - APP/webroot/index.php, line 96

2012-02-21 14:42:58 Notice: Notice (8): Undefined index: suffix in [/home/jitendra/public_html/myphone/app/Controller/contacts_controller.php, line 26]
Trace:
ContactsController::add() - APP/Controller/contacts_controller.php, line 26
ReflectionMethod::invokeArgs() - [internal], line ??
Controller::invokeAction() - CORE/Cake/Controller/Controller.php, line 473
Dispatcher::_invoke() - CORE/Cake/Routing/Dispatcher.php, line 104
Dispatcher::dispatch() - CORE/Cake/Routing/Dispatcher.php, line 86
[main] - APP/webroot/index.php, line 96

2012-02-21 14:43:42 Notice: Notice (8): Undefined index: suffix in [/home/jitendra/public_html/myphone/app/Controller/contacts_controller.php, line 26]
Trace:
ContactsController::add() - APP/Controller/contacts_controller.php, line 26
ReflectionMethod::invokeArgs() - [internal], line ??
Controller::invokeAction() - CORE/Cake/Controller/Controller.php, line 473
Dispatcher::_invoke() - CORE/Cake/Routing/Dispatcher.php, line 104
Dispatcher::dispatch() - CORE/Cake/Routing/Dispatcher.php, line 86
[main] - APP/webroot/index.php, line 96

2012-02-21 14:51:20 Notice: Notice (8): Undefined index: suffix in [/home/jitendra/public_html/myphone/app/Controller/contacts_controller.php, line 26]
Trace:
ContactsController::add() - APP/Controller/contacts_controller.php, line 26
ReflectionMethod::invokeArgs() - [internal], line ??
Controller::invokeAction() - CORE/Cake/Controller/Controller.php, line 473
Dispatcher::_invoke() - CORE/Cake/Routing/Dispatcher.php, line 104
Dispatcher::dispatch() - CORE/Cake/Routing/Dispatcher.php, line 86
[main] - APP/webroot/index.php, line 96

2012-02-21 14:51:54 Notice: Notice (8): Undefined index: suffix in [/home/jitendra/public_html/myphone/app/Controller/contacts_controller.php, line 26]
Trace:
ContactsController::add() - APP/Controller/contacts_controller.php, line 26
ReflectionMethod::invokeArgs() - [internal], line ??
Controller::invokeAction() - CORE/Cake/Controller/Controller.php, line 473
Dispatcher::_invoke() - CORE/Cake/Routing/Dispatcher.php, line 104
Dispatcher::dispatch() - CORE/Cake/Routing/Dispatcher.php, line 86
[main] - APP/webroot/index.php, line 96

2012-02-21 14:51:59 Notice: Notice (8): Undefined index: suffix in [/home/jitendra/public_html/myphone/app/Controller/contacts_controller.php, line 26]
Trace:
ContactsController::add() - APP/Controller/contacts_controller.php, line 26
ReflectionMethod::invokeArgs() - [internal], line ??
Controller::invokeAction() - CORE/Cake/Controller/Controller.php, line 473
Dispatcher::_invoke() - CORE/Cake/Routing/Dispatcher.php, line 104
Dispatcher::dispatch() - CORE/Cake/Routing/Dispatcher.php, line 86
[main] - APP/webroot/index.php, line 96

2012-02-21 15:03:09 Notice: Notice (8): Undefined index: suffix in [/home/jitendra/public_html/myphone/app/Controller/contacts_controller.php, line 26]
Trace:
ContactsController::add() - APP/Controller/contacts_controller.php, line 26
ReflectionMethod::invokeArgs() - [internal], line ??
Controller::invokeAction() - CORE/Cake/Controller/Controller.php, line 473
Dispatcher::_invoke() - CORE/Cake/Routing/Dispatcher.php, line 104
Dispatcher::dispatch() - CORE/Cake/Routing/Dispatcher.php, line 86
[main] - APP/webroot/index.php, line 96

2012-02-21 15:06:03 Notice: Notice (8): Undefined index: suffix in [/home/jitendra/public_html/myphone/app/Controller/contacts_controller.php, line 26]
Trace:
ContactsController::add() - APP/Controller/contacts_controller.php, line 26
ReflectionMethod::invokeArgs() - [internal], line ??
Controller::invokeAction() - CORE/Cake/Controller/Controller.php, line 473
Dispatcher::_invoke() - CORE/Cake/Routing/Dispatcher.php, line 104
Dispatcher::dispatch() - CORE/Cake/Routing/Dispatcher.php, line 86
[main] - APP/webroot/index.php, line 96

2012-02-21 15:06:30 Notice: Notice (8): Undefined index: suffix in [/home/jitendra/public_html/myphone/app/Controller/contacts_controller.php, line 26]
Trace:
ContactsController::add() - APP/Controller/contacts_controller.php, line 26
ReflectionMethod::invokeArgs() - [internal], line ??
Controller::invokeAction() - CORE/Cake/Controller/Controller.php, line 473
Dispatcher::_invoke() - CORE/Cake/Routing/Dispatcher.php, line 104
Dispatcher::dispatch() - CORE/Cake/Routing/Dispatcher.php, line 86
[main] - APP/webroot/index.php, line 96

2012-02-21 15:13:32 Notice: Notice (8): Undefined index: suffix in [/home/jitendra/public_html/myphone/app/Controller/contacts_controller.php, line 26]
Trace:
ContactsController::add() - APP/Controller/contacts_controller.php, line 26
ReflectionMethod::invokeArgs() - [internal], line ??
Controller::invokeAction() - CORE/Cake/Controller/Controller.php, line 473
Dispatcher::_invoke() - CORE/Cake/Routing/Dispatcher.php, line 104
Dispatcher::dispatch() - CORE/Cake/Routing/Dispatcher.php, line 86
[main] - APP/webroot/index.php, line 96

2012-02-21 15:14:16 Notice: Notice (8): Undefined index: suffix in [/home/jitendra/public_html/myphone/app/Controller/contacts_controller.php, line 26]
Trace:
ContactsController::add() - APP/Controller/contacts_controller.php, line 26
ReflectionMethod::invokeArgs() - [internal], line ??
Controller::invokeAction() - CORE/Cake/Controller/Controller.php, line 473
Dispatcher::_invoke() - CORE/Cake/Routing/Dispatcher.php, line 104
Dispatcher::dispatch() - CORE/Cake/Routing/Dispatcher.php, line 86
[main] - APP/webroot/index.php, line 96

2012-02-21 15:15:16 Notice: Notice (8): Undefined index: suffix in [/home/jitendra/public_html/myphone/app/Controller/contacts_controller.php, line 26]
Trace:
ContactsController::add() - APP/Controller/contacts_controller.php, line 26
ReflectionMethod::invokeArgs() - [internal], line ??
Controller::invokeAction() - CORE/Cake/Controller/Controller.php, line 473
Dispatcher::_invoke() - CORE/Cake/Routing/Dispatcher.php, line 104
Dispatcher::dispatch() - CORE/Cake/Routing/Dispatcher.php, line 86
[main] - APP/webroot/index.php, line 96

2012-02-21 15:15:34 Notice: Notice (8): Undefined index: suffix in [/home/jitendra/public_html/myphone/app/Controller/contacts_controller.php, line 26]
Trace:
ContactsController::add() - APP/Controller/contacts_controller.php, line 26
ReflectionMethod::invokeArgs() - [internal], line ??
Controller::invokeAction() - CORE/Cake/Controller/Controller.php, line 473
Dispatcher::_invoke() - CORE/Cake/Routing/Dispatcher.php, line 104
Dispatcher::dispatch() - CORE/Cake/Routing/Dispatcher.php, line 86
[main] - APP/webroot/index.php, line 96

2012-02-21 15:15:57 Notice: Notice (8): Undefined index: suffix in [/home/jitendra/public_html/myphone/app/Controller/contacts_controller.php, line 26]
Trace:
ContactsController::add() - APP/Controller/contacts_controller.php, line 26
ReflectionMethod::invokeArgs() - [internal], line ??
Controller::invokeAction() - CORE/Cake/Controller/Controller.php, line 473
Dispatcher::_invoke() - CORE/Cake/Routing/Dispatcher.php, line 104
Dispatcher::dispatch() - CORE/Cake/Routing/Dispatcher.php, line 86
[main] - APP/webroot/index.php, line 96

2012-02-21 15:16:36 Notice: Notice (8): Undefined index: suffix in [/home/jitendra/public_html/myphone/app/Controller/contacts_controller.php, line 26]
Trace:
ContactsController::add() - APP/Controller/contacts_controller.php, line 26
ReflectionMethod::invokeArgs() - [internal], line ??
Controller::invokeAction() - CORE/Cake/Controller/Controller.php, line 473
Dispatcher::_invoke() - CORE/Cake/Routing/Dispatcher.php, line 104
Dispatcher::dispatch() - CORE/Cake/Routing/Dispatcher.php, line 86
[main] - APP/webroot/index.php, line 96

2012-02-21 15:16:54 Notice: Notice (8): Undefined index: suffix in [/home/jitendra/public_html/myphone/app/Controller/contacts_controller.php, line 26]
Trace:
ContactsController::add() - APP/Controller/contacts_controller.php, line 26
ReflectionMethod::invokeArgs() - [internal], line ??
Controller::invokeAction() - CORE/Cake/Controller/Controller.php, line 473
Dispatcher::_invoke() - CORE/Cake/Routing/Dispatcher.php, line 104
Dispatcher::dispatch() - CORE/Cake/Routing/Dispatcher.php, line 86
[main] - APP/webroot/index.php, line 96

2012-02-21 15:17:21 Notice: Notice (8): Undefined index: suffix in [/home/jitendra/public_html/myphone/app/Controller/contacts_controller.php, line 26]
Trace:
ContactsController::add() - APP/Controller/contacts_controller.php, line 26
ReflectionMethod::invokeArgs() - [internal], line ??
Controller::invokeAction() - CORE/Cake/Controller/Controller.php, line 473
Dispatcher::_invoke() - CORE/Cake/Routing/Dispatcher.php, line 104
Dispatcher::dispatch() - CORE/Cake/Routing/Dispatcher.php, line 86
[main] - APP/webroot/index.php, line 96

2012-02-21 15:20:30 Notice: Notice (8): Undefined index: suffix in [/home/jitendra/public_html/myphone/app/Controller/contacts_controller.php, line 26]
Trace:
ContactsController::add() - APP/Controller/contacts_controller.php, line 26
ReflectionMethod::invokeArgs() - [internal], line ??
Controller::invokeAction() - CORE/Cake/Controller/Controller.php, line 473
Dispatcher::_invoke() - CORE/Cake/Routing/Dispatcher.php, line 104
Dispatcher::dispatch() - CORE/Cake/Routing/Dispatcher.php, line 86
[main] - APP/webroot/index.php, line 96

2012-02-21 15:22:15 Notice: Notice (8): Undefined index: suffix in [/home/jitendra/public_html/myphone/app/Controller/contacts_controller.php, line 26]
Trace:
ContactsController::add() - APP/Controller/contacts_controller.php, line 26
ReflectionMethod::invokeArgs() - [internal], line ??
Controller::invokeAction() - CORE/Cake/Controller/Controller.php, line 473
Dispatcher::_invoke() - CORE/Cake/Routing/Dispatcher.php, line 104
Dispatcher::dispatch() - CORE/Cake/Routing/Dispatcher.php, line 86
[main] - APP/webroot/index.php, line 96

2012-02-21 15:23:23 Notice: Notice (8): Undefined index: suffix in [/home/jitendra/public_html/myphone/app/Controller/contacts_controller.php, line 26]
Trace:
ContactsController::add() - APP/Controller/contacts_controller.php, line 26
ReflectionMethod::invokeArgs() - [internal], line ??
Controller::invokeAction() - CORE/Cake/Controller/Controller.php, line 473
Dispatcher::_invoke() - CORE/Cake/Routing/Dispatcher.php, line 104
Dispatcher::dispatch() - CORE/Cake/Routing/Dispatcher.php, line 86
[main] - APP/webroot/index.php, line 96

2012-02-21 15:24:09 Notice: Notice (8): Undefined index: suffix in [/home/jitendra/public_html/myphone/app/Controller/contacts_controller.php, line 26]
Trace:
ContactsController::add() - APP/Controller/contacts_controller.php, line 26
ReflectionMethod::invokeArgs() - [internal], line ??
Controller::invokeAction() - CORE/Cake/Controller/Controller.php, line 473
Dispatcher::_invoke() - CORE/Cake/Routing/Dispatcher.php, line 104
Dispatcher::dispatch() - CORE/Cake/Routing/Dispatcher.php, line 86
[main] - APP/webroot/index.php, line 96

2012-02-21 15:24:24 Notice: Notice (8): Undefined index: suffix in [/home/jitendra/public_html/myphone/app/Controller/contacts_controller.php, line 26]
Trace:
ContactsController::add() - APP/Controller/contacts_controller.php, line 26
ReflectionMethod::invokeArgs() - [internal], line ??
Controller::invokeAction() - CORE/Cake/Controller/Controller.php, line 473
Dispatcher::_invoke() - CORE/Cake/Routing/Dispatcher.php, line 104
Dispatcher::dispatch() - CORE/Cake/Routing/Dispatcher.php, line 86
[main] - APP/webroot/index.php, line 96

2012-02-21 15:24:59 Notice: Notice (8): Undefined index: suffix in [/home/jitendra/public_html/myphone/app/Controller/contacts_controller.php, line 26]
Trace:
ContactsController::add() - APP/Controller/contacts_controller.php, line 26
ReflectionMethod::invokeArgs() - [internal], line ??
Controller::invokeAction() - CORE/Cake/Controller/Controller.php, line 473
Dispatcher::_invoke() - CORE/Cake/Routing/Dispatcher.php, line 104
Dispatcher::dispatch() - CORE/Cake/Routing/Dispatcher.php, line 86
[main] - APP/webroot/index.php, line 96

2012-02-21 15:26:21 Notice: Notice (8): Undefined index: suffix in [/home/jitendra/public_html/myphone/app/Controller/contacts_controller.php, line 26]
Trace:
ContactsController::add() - APP/Controller/contacts_controller.php, line 26
ReflectionMethod::invokeArgs() - [internal], line ??
Controller::invokeAction() - CORE/Cake/Controller/Controller.php, line 473
Dispatcher::_invoke() - CORE/Cake/Routing/Dispatcher.php, line 104
Dispatcher::dispatch() - CORE/Cake/Routing/Dispatcher.php, line 86
[main] - APP/webroot/index.php, line 96

2012-02-21 15:29:09 Notice: Notice (8): Undefined index: suffix in [/home/jitendra/public_html/myphone/app/Controller/contacts_controller.php, line 26]
Trace:
ContactsController::add() - APP/Controller/contacts_controller.php, line 26
ReflectionMethod::invokeArgs() - [internal], line ??
Controller::invokeAction() - CORE/Cake/Controller/Controller.php, line 473
Dispatcher::_invoke() - CORE/Cake/Routing/Dispatcher.php, line 104
Dispatcher::dispatch() - CORE/Cake/Routing/Dispatcher.php, line 86
[main] - APP/webroot/index.php, line 96

2012-02-21 15:30:11 Notice: Notice (8): Undefined index: suffix in [/home/jitendra/public_html/myphone/app/Controller/contacts_controller.php, line 26]
Trace:
ContactsController::add() - APP/Controller/contacts_controller.php, line 26
ReflectionMethod::invokeArgs() - [internal], line ??
Controller::invokeAction() - CORE/Cake/Controller/Controller.php, line 473
Dispatcher::_invoke() - CORE/Cake/Routing/Dispatcher.php, line 104
Dispatcher::dispatch() - CORE/Cake/Routing/Dispatcher.php, line 86
[main] - APP/webroot/index.php, line 96

2012-02-21 15:32:32 Notice: Notice (8): Undefined index: suffix in [/home/jitendra/public_html/myphone/app/Controller/contacts_controller.php, line 26]
Trace:
ContactsController::add() - APP/Controller/contacts_controller.php, line 26
ReflectionMethod::invokeArgs() - [internal], line ??
Controller::invokeAction() - CORE/Cake/Controller/Controller.php, line 473
Dispatcher::_invoke() - CORE/Cake/Routing/Dispatcher.php, line 104
Dispatcher::dispatch() - CORE/Cake/Routing/Dispatcher.php, line 86
[main] - APP/webroot/index.php, line 96

2012-02-21 15:33:02 Notice: Notice (8): Undefined index: suffix in [/home/jitendra/public_html/myphone/app/Controller/contacts_controller.php, line 26]
Trace:
ContactsController::add() - APP/Controller/contacts_controller.php, line 26
ReflectionMethod::invokeArgs() - [internal], line ??
Controller::invokeAction() - CORE/Cake/Controller/Controller.php, line 473
Dispatcher::_invoke() - CORE/Cake/Routing/Dispatcher.php, line 104
Dispatcher::dispatch() - CORE/Cake/Routing/Dispatcher.php, line 86
[main] - APP/webroot/index.php, line 96

2012-02-21 15:53:54 Notice: Notice (8): Undefined index: suffix in [/home/jitendra/public_html/myphone/app/Controller/contacts_controller.php, line 26]
Trace:
ContactsController::add() - APP/Controller/contacts_controller.php, line 26
ReflectionMethod::invokeArgs() - [internal], line ??
Controller::invokeAction() - CORE/Cake/Controller/Controller.php, line 473
Dispatcher::_invoke() - CORE/Cake/Routing/Dispatcher.php, line 104
Dispatcher::dispatch() - CORE/Cake/Routing/Dispatcher.php, line 86
[main] - APP/webroot/index.php, line 96

2012-02-21 15:54:01 Notice: Notice (8): Undefined index: suffix in [/home/jitendra/public_html/myphone/app/Controller/contacts_controller.php, line 26]
Trace:
ContactsController::add() - APP/Controller/contacts_controller.php, line 26
ReflectionMethod::invokeArgs() - [internal], line ??
Controller::invokeAction() - CORE/Cake/Controller/Controller.php, line 473
Dispatcher::_invoke() - CORE/Cake/Routing/Dispatcher.php, line 104
Dispatcher::dispatch() - CORE/Cake/Routing/Dispatcher.php, line 86
[main] - APP/webroot/index.php, line 96

2012-02-21 16:05:35 Notice: Notice (8): Undefined index: suffix in [/home/jitendra/public_html/myphone/app/Controller/contacts_controller.php, line 26]
Trace:
ContactsController::add() - APP/Controller/contacts_controller.php, line 26
ReflectionMethod::invokeArgs() - [internal], line ??
Controller::invokeAction() - CORE/Cake/Controller/Controller.php, line 473
Dispatcher::_invoke() - CORE/Cake/Routing/Dispatcher.php, line 104
Dispatcher::dispatch() - CORE/Cake/Routing/Dispatcher.php, line 86
[main] - APP/webroot/index.php, line 96

2012-02-21 16:35:33 Notice: Notice (8): Undefined index: suffix in [/home/jitendra/public_html/myphone/app/Controller/contacts_controller.php, line 26]
Trace:
ContactsController::add() - APP/Controller/contacts_controller.php, line 26
ReflectionMethod::invokeArgs() - [internal], line ??
Controller::invokeAction() - CORE/Cake/Controller/Controller.php, line 473
Dispatcher::_invoke() - CORE/Cake/Routing/Dispatcher.php, line 104
Dispatcher::dispatch() - CORE/Cake/Routing/Dispatcher.php, line 86
[main] - APP/webroot/index.php, line 96

2012-02-21 16:36:43 Notice: Notice (8): Undefined index: suffix in [/home/jitendra/public_html/myphone/app/Controller/contacts_controller.php, line 26]
Trace:
ContactsController::add() - APP/Controller/contacts_controller.php, line 26
ReflectionMethod::invokeArgs() - [internal], line ??
Controller::invokeAction() - CORE/Cake/Controller/Controller.php, line 473
Dispatcher::_invoke() - CORE/Cake/Routing/Dispatcher.php, line 104
Dispatcher::dispatch() - CORE/Cake/Routing/Dispatcher.php, line 86
[main] - APP/webroot/index.php, line 96

2012-02-21 16:36:55 Notice: Notice (8): Undefined index: suffix in [/home/jitendra/public_html/myphone/app/Controller/contacts_controller.php, line 26]
Trace:
ContactsController::add() - APP/Controller/contacts_controller.php, line 26
ReflectionMethod::invokeArgs() - [internal], line ??
Controller::invokeAction() - CORE/Cake/Controller/Controller.php, line 473
Dispatcher::_invoke() - CORE/Cake/Routing/Dispatcher.php, line 104
Dispatcher::dispatch() - CORE/Cake/Routing/Dispatcher.php, line 86
[main] - APP/webroot/index.php, line 96

2012-02-21 16:37:49 Notice: Notice (8): Undefined index: suffix in [/home/jitendra/public_html/myphone/app/Controller/contacts_controller.php, line 26]
Trace:
ContactsController::add() - APP/Controller/contacts_controller.php, line 26
ReflectionMethod::invokeArgs() - [internal], line ??
Controller::invokeAction() - CORE/Cake/Controller/Controller.php, line 473
Dispatcher::_invoke() - CORE/Cake/Routing/Dispatcher.php, line 104
Dispatcher::dispatch() - CORE/Cake/Routing/Dispatcher.php, line 86
[main] - APP/webroot/index.php, line 96

2012-02-21 16:38:22 Notice: Notice (8): Undefined index: suffix in [/home/jitendra/public_html/myphone/app/Controller/contacts_controller.php, line 26]
Trace:
ContactsController::add() - APP/Controller/contacts_controller.php, line 26
ReflectionMethod::invokeArgs() - [internal], line ??
Controller::invokeAction() - CORE/Cake/Controller/Controller.php, line 473
Dispatcher::_invoke() - CORE/Cake/Routing/Dispatcher.php, line 104
Dispatcher::dispatch() - CORE/Cake/Routing/Dispatcher.php, line 86
[main] - APP/webroot/index.php, line 96

2012-02-21 16:43:35 Notice: Notice (8): Undefined index: suffix in [/home/jitendra/public_html/myphone/app/Controller/contacts_controller.php, line 26]
Trace:
ContactsController::add() - APP/Controller/contacts_controller.php, line 26
ReflectionMethod::invokeArgs() - [internal], line ??
Controller::invokeAction() - CORE/Cake/Controller/Controller.php, line 473
Dispatcher::_invoke() - CORE/Cake/Routing/Dispatcher.php, line 104
Dispatcher::dispatch() - CORE/Cake/Routing/Dispatcher.php, line 86
[main] - APP/webroot/index.php, line 96

2012-02-21 16:43:44 Notice: Notice (8): Undefined index: suffix in [/home/jitendra/public_html/myphone/app/Controller/contacts_controller.php, line 26]
Trace:
ContactsController::add() - APP/Controller/contacts_controller.php, line 26
ReflectionMethod::invokeArgs() - [internal], line ??
Controller::invokeAction() - CORE/Cake/Controller/Controller.php, line 473
Dispatcher::_invoke() - CORE/Cake/Routing/Dispatcher.php, line 104
Dispatcher::dispatch() - CORE/Cake/Routing/Dispatcher.php, line 86
[main] - APP/webroot/index.php, line 96

2012-02-21 16:44:35 Notice: Notice (8): Undefined index: suffix in [/home/jitendra/public_html/myphone/app/Controller/contacts_controller.php, line 26]
Trace:
ContactsController::add() - APP/Controller/contacts_controller.php, line 26
ReflectionMethod::invokeArgs() - [internal], line ??
Controller::invokeAction() - CORE/Cake/Controller/Controller.php, line 473
Dispatcher::_invoke() - CORE/Cake/Routing/Dispatcher.php, line 104
Dispatcher::dispatch() - CORE/Cake/Routing/Dispatcher.php, line 86
[main] - APP/webroot/index.php, line 96

2012-02-21 16:44:54 Notice: Notice (8): Undefined index: suffix in [/home/jitendra/public_html/myphone/app/Controller/contacts_controller.php, line 26]
Trace:
ContactsController::add() - APP/Controller/contacts_controller.php, line 26
ReflectionMethod::invokeArgs() - [internal], line ??
Controller::invokeAction() - CORE/Cake/Controller/Controller.php, line 473
Dispatcher::_invoke() - CORE/Cake/Routing/Dispatcher.php, line 104
Dispatcher::dispatch() - CORE/Cake/Routing/Dispatcher.php, line 86
[main] - APP/webroot/index.php, line 96

2012-02-21 17:03:27 Notice: Notice (8): Undefined index: suffix in [/home/jitendra/public_html/myphone/app/Controller/contacts_controller.php, line 26]
Trace:
ContactsController::add() - APP/Controller/contacts_controller.php, line 26
ReflectionMethod::invokeArgs() - [internal], line ??
Controller::invokeAction() - CORE/Cake/Controller/Controller.php, line 473
Dispatcher::_invoke() - CORE/Cake/Routing/Dispatcher.php, line 104
Dispatcher::dispatch() - CORE/Cake/Routing/Dispatcher.php, line 86
[main] - APP/webroot/index.php, line 96

2012-02-21 17:04:45 Notice: Notice (8): Undefined index: suffix in [/home/jitendra/public_html/myphone/app/Controller/contacts_controller.php, line 26]
Trace:
ContactsController::add() - APP/Controller/contacts_controller.php, line 26
ReflectionMethod::invokeArgs() - [internal], line ??
Controller::invokeAction() - CORE/Cake/Controller/Controller.php, line 473
Dispatcher::_invoke() - CORE/Cake/Routing/Dispatcher.php, line 104
Dispatcher::dispatch() - CORE/Cake/Routing/Dispatcher.php, line 86
[main] - APP/webroot/index.php, line 96

2012-02-21 17:05:20 Notice: Notice (8): Undefined index: suffix in [/home/jitendra/public_html/myphone/app/Controller/contacts_controller.php, line 26]
Trace:
ContactsController::add() - APP/Controller/contacts_controller.php, line 26
ReflectionMethod::invokeArgs() - [internal], line ??
Controller::invokeAction() - CORE/Cake/Controller/Controller.php, line 473
Dispatcher::_invoke() - CORE/Cake/Routing/Dispatcher.php, line 104
Dispatcher::dispatch() - CORE/Cake/Routing/Dispatcher.php, line 86
[main] - APP/webroot/index.php, line 96

2012-02-21 17:09:58 Notice: Notice (8): Undefined index: suffix in [/home/jitendra/public_html/myphone/app/Controller/contacts_controller.php, line 26]
Trace:
ContactsController::add() - APP/Controller/contacts_controller.php, line 26
ReflectionMethod::invokeArgs() - [internal], line ??
Controller::invokeAction() - CORE/Cake/Controller/Controller.php, line 473
Dispatcher::_invoke() - CORE/Cake/Routing/Dispatcher.php, line 104
Dispatcher::dispatch() - CORE/Cake/Routing/Dispatcher.php, line 86
[main] - APP/webroot/index.php, line 96

2012-02-21 17:25:19 Notice: Notice (8): Undefined index: suffix in [/home/jitendra/public_html/myphone/app/Controller/contacts_controller.php, line 26]
Trace:
ContactsController::add() - APP/Controller/contacts_controller.php, line 26
ReflectionMethod::invokeArgs() - [internal], line ??
Controller::invokeAction() - CORE/Cake/Controller/Controller.php, line 473
Dispatcher::_invoke() - CORE/Cake/Routing/Dispatcher.php, line 104
Dispatcher::dispatch() - CORE/Cake/Routing/Dispatcher.php, line 86
[main] - APP/webroot/index.php, line 96

2012-02-21 17:25:27 Notice: Notice (8): Undefined index: suffix in [/home/jitendra/public_html/myphone/app/Controller/contacts_controller.php, line 26]
Trace:
ContactsController::add() - APP/Controller/contacts_controller.php, line 26
ReflectionMethod::invokeArgs() - [internal], line ??
Controller::invokeAction() - CORE/Cake/Controller/Controller.php, line 473
Dispatcher::_invoke() - CORE/Cake/Routing/Dispatcher.php, line 104
Dispatcher::dispatch() - CORE/Cake/Routing/Dispatcher.php, line 86
[main] - APP/webroot/index.php, line 96

2012-02-21 17:25:55 Notice: Notice (8): Undefined index: suffix in [/home/jitendra/public_html/myphone/app/Controller/contacts_controller.php, line 26]
Trace:
ContactsController::add() - APP/Controller/contacts_controller.php, line 26
ReflectionMethod::invokeArgs() - [internal], line ??
Controller::invokeAction() - CORE/Cake/Controller/Controller.php, line 473
Dispatcher::_invoke() - CORE/Cake/Routing/Dispatcher.php, line 104
Dispatcher::dispatch() - CORE/Cake/Routing/Dispatcher.php, line 86
[main] - APP/webroot/index.php, line 96

2012-02-21 17:29:40 Notice: Notice (8): Undefined index: suffix in [/home/jitendra/public_html/myphone/app/Controller/contacts_controller.php, line 26]
Trace:
ContactsController::add() - APP/Controller/contacts_controller.php, line 26
ReflectionMethod::invokeArgs() - [internal], line ??
Controller::invokeAction() - CORE/Cake/Controller/Controller.php, line 473
Dispatcher::_invoke() - CORE/Cake/Routing/Dispatcher.php, line 104
Dispatcher::dispatch() - CORE/Cake/Routing/Dispatcher.php, line 86
[main] - APP/webroot/index.php, line 96

2012-02-21 17:36:12 Notice: Notice (8): Undefined index: suffix in [/home/jitendra/public_html/myphone/app/Controller/contacts_controller.php, line 26]
Trace:
ContactsController::add() - APP/Controller/contacts_controller.php, line 26
ReflectionMethod::invokeArgs() - [internal], line ??
Controller::invokeAction() - CORE/Cake/Controller/Controller.php, line 473
Dispatcher::_invoke() - CORE/Cake/Routing/Dispatcher.php, line 104
Dispatcher::dispatch() - CORE/Cake/Routing/Dispatcher.php, line 86
[main] - APP/webroot/index.php, line 96

2012-02-21 17:41:24 Notice: Notice (8): Undefined index: suffix in [/home/jitendra/public_html/myphone/app/Controller/contacts_controller.php, line 26]
Trace:
ContactsController::add() - APP/Controller/contacts_controller.php, line 26
ReflectionMethod::invokeArgs() - [internal], line ??
Controller::invokeAction() - CORE/Cake/Controller/Controller.php, line 473
Dispatcher::_invoke() - CORE/Cake/Routing/Dispatcher.php, line 104
Dispatcher::dispatch() - CORE/Cake/Routing/Dispatcher.php, line 86
[main] - APP/webroot/index.php, line 96

2012-02-21 17:48:28 Notice: Notice (8): Undefined index: suffix in [/home/jitendra/public_html/myphone/app/Controller/contacts_controller.php, line 26]
Trace:
ContactsController::add() - APP/Controller/contacts_controller.php, line 26
ReflectionMethod::invokeArgs() - [internal], line ??
Controller::invokeAction() - CORE/Cake/Controller/Controller.php, line 473
Dispatcher::_invoke() - CORE/Cake/Routing/Dispatcher.php, line 104
Dispatcher::dispatch() - CORE/Cake/Routing/Dispatcher.php, line 86
[main] - APP/webroot/index.php, line 96

2012-02-21 17:49:05 Notice: Notice (8): Undefined index: suffix in [/home/jitendra/public_html/myphone/app/Controller/contacts_controller.php, line 26]
Trace:
ContactsController::add() - APP/Controller/contacts_controller.php, line 26
ReflectionMethod::invokeArgs() - [internal], line ??
Controller::invokeAction() - CORE/Cake/Controller/Controller.php, line 473
Dispatcher::_invoke() - CORE/Cake/Routing/Dispatcher.php, line 104
Dispatcher::dispatch() - CORE/Cake/Routing/Dispatcher.php, line 86
[main] - APP/webroot/index.php, line 96

2012-02-21 17:50:18 Notice: Notice (8): Undefined index: suffix in [/home/jitendra/public_html/myphone/app/Controller/contacts_controller.php, line 26]
Trace:
ContactsController::add() - APP/Controller/contacts_controller.php, line 26
ReflectionMethod::invokeArgs() - [internal], line ??
Controller::invokeAction() - CORE/Cake/Controller/Controller.php, line 473
Dispatcher::_invoke() - CORE/Cake/Routing/Dispatcher.php, line 104
Dispatcher::dispatch() - CORE/Cake/Routing/Dispatcher.php, line 86
[main] - APP/webroot/index.php, line 96

2012-02-21 17:50:31 Notice: Notice (8): Undefined index: suffix in [/home/jitendra/public_html/myphone/app/Controller/contacts_controller.php, line 26]
Trace:
ContactsController::add() - APP/Controller/contacts_controller.php, line 26
ReflectionMethod::invokeArgs() - [internal], line ??
Controller::invokeAction() - CORE/Cake/Controller/Controller.php, line 473
Dispatcher::_invoke() - CORE/Cake/Routing/Dispatcher.php, line 104
Dispatcher::dispatch() - CORE/Cake/Routing/Dispatcher.php, line 86
[main] - APP/webroot/index.php, line 96

2012-02-21 17:51:59 Notice: Notice (8): Undefined index: suffix in [/home/jitendra/public_html/myphone/app/Controller/contacts_controller.php, line 26]
Trace:
ContactsController::add() - APP/Controller/contacts_controller.php, line 26
ReflectionMethod::invokeArgs() - [internal], line ??
Controller::invokeAction() - CORE/Cake/Controller/Controller.php, line 473
Dispatcher::_invoke() - CORE/Cake/Routing/Dispatcher.php, line 104
Dispatcher::dispatch() - CORE/Cake/Routing/Dispatcher.php, line 86
[main] - APP/webroot/index.php, line 96

2012-02-21 17:52:06 Notice: Notice (8): Undefined index: suffix in [/home/jitendra/public_html/myphone/app/Controller/contacts_controller.php, line 26]
Trace:
ContactsController::add() - APP/Controller/contacts_controller.php, line 26
ReflectionMethod::invokeArgs() - [internal], line ??
Controller::invokeAction() - CORE/Cake/Controller/Controller.php, line 473
Dispatcher::_invoke() - CORE/Cake/Routing/Dispatcher.php, line 104
Dispatcher::dispatch() - CORE/Cake/Routing/Dispatcher.php, line 86
[main] - APP/webroot/index.php, line 96

2012-02-21 17:53:28 Notice: Notice (8): Undefined index: suffix in [/home/jitendra/public_html/myphone/app/Controller/contacts_controller.php, line 26]
Trace:
ContactsController::add() - APP/Controller/contacts_controller.php, line 26
ReflectionMethod::invokeArgs() - [internal], line ??
Controller::invokeAction() - CORE/Cake/Controller/Controller.php, line 473
Dispatcher::_invoke() - CORE/Cake/Routing/Dispatcher.php, line 104
Dispatcher::dispatch() - CORE/Cake/Routing/Dispatcher.php, line 86
[main] - APP/webroot/index.php, line 96

2012-02-21 17:58:43 Notice: Notice (8): Undefined index: suffix in [/home/jitendra/public_html/myphone/app/Controller/contacts_controller.php, line 26]
Trace:
ContactsController::add() - APP/Controller/contacts_controller.php, line 26
ReflectionMethod::invokeArgs() - [internal], line ??
Controller::invokeAction() - CORE/Cake/Controller/Controller.php, line 473
Dispatcher::_invoke() - CORE/Cake/Routing/Dispatcher.php, line 104
Dispatcher::dispatch() - CORE/Cake/Routing/Dispatcher.php, line 86
[main] - APP/webroot/index.php, line 96

2012-02-22 10:09:58 Notice: Notice (8): Undefined index: number in [/home/jitendra/public_html/myphone/app/Controller/contacts_controller.php, line 26]
Trace:
ContactsController::add() - APP/Controller/contacts_controller.php, line 26
ReflectionMethod::invokeArgs() - [internal], line ??
Controller::invokeAction() - CORE/Cake/Controller/Controller.php, line 473
Dispatcher::_invoke() - CORE/Cake/Routing/Dispatcher.php, line 104
Dispatcher::dispatch() - CORE/Cake/Routing/Dispatcher.php, line 86
[main] - APP/webroot/index.php, line 96

2012-02-22 10:09:58 Notice: Notice (8): Undefined index: uname in [/home/jitendra/public_html/myphone/app/Controller/contacts_controller.php, line 27]
Trace:
ContactsController::add() - APP/Controller/contacts_controller.php, line 27
ReflectionMethod::invokeArgs() - [internal], line ??
Controller::invokeAction() - CORE/Cake/Controller/Controller.php, line 473
Dispatcher::_invoke() - CORE/Cake/Routing/Dispatcher.php, line 104
Dispatcher::dispatch() - CORE/Cake/Routing/Dispatcher.php, line 86
[main] - APP/webroot/index.php, line 96

2012-02-22 10:09:58 Notice: Notice (8): Undefined index: relation in [/home/jitendra/public_html/myphone/app/Controller/contacts_controller.php, line 28]
Trace:
ContactsController::add() - APP/Controller/contacts_controller.php, line 28
ReflectionMethod::invokeArgs() - [internal], line ??
Controller::invokeAction() - CORE/Cake/Controller/Controller.php, line 473
Dispatcher::_invoke() - CORE/Cake/Routing/Dispatcher.php, line 104
Dispatcher::dispatch() - CORE/Cake/Routing/Dispatcher.php, line 86
[main] - APP/webroot/index.php, line 96

2012-02-22 10:09:58 Notice: Notice (8): Undefined index: altNumber in [/home/jitendra/public_html/myphone/app/Controller/contacts_controller.php, line 29]
Trace:
ContactsController::add() - APP/Controller/contacts_controller.php, line 29
ReflectionMethod::invokeArgs() - [internal], line ??
Controller::invokeAction() - CORE/Cake/Controller/Controller.php, line 473
Dispatcher::_invoke() - CORE/Cake/Routing/Dispatcher.php, line 104
Dispatcher::dispatch() - CORE/Cake/Routing/Dispatcher.php, line 86
[main] - APP/webroot/index.php, line 96

2012-02-24 17:55:53 Notice: Notice (8): Undefined index: number in [/home/jitendra/public_html/myphone/app/Controller/contacts_controller.php, line 66]
Trace:
ContactsController::add() - APP/Controller/contacts_controller.php, line 66
ReflectionMethod::invokeArgs() - [internal], line ??
Controller::invokeAction() - CORE/Cake/Controller/Controller.php, line 473
Dispatcher::_invoke() - CORE/Cake/Routing/Dispatcher.php, line 104
Dispatcher::dispatch() - CORE/Cake/Routing/Dispatcher.php, line 86
[main] - APP/webroot/index.php, line 96

2012-02-24 17:55:54 Notice: Notice (8): Undefined index: uname in [/home/jitendra/public_html/myphone/app/Controller/contacts_controller.php, line 67]
Trace:
ContactsController::add() - APP/Controller/contacts_controller.php, line 67
ReflectionMethod::invokeArgs() - [internal], line ??
Controller::invokeAction() - CORE/Cake/Controller/Controller.php, line 473
Dispatcher::_invoke() - CORE/Cake/Routing/Dispatcher.php, line 104
Dispatcher::dispatch() - CORE/Cake/Routing/Dispatcher.php, line 86
[main] - APP/webroot/index.php, line 96

2012-02-24 17:55:54 Notice: Notice (8): Undefined index: relation in [/home/jitendra/public_html/myphone/app/Controller/contacts_controller.php, line 68]
Trace:
ContactsController::add() - APP/Controller/contacts_controller.php, line 68
ReflectionMethod::invokeArgs() - [internal], line ??
Controller::invokeAction() - CORE/Cake/Controller/Controller.php, line 473
Dispatcher::_invoke() - CORE/Cake/Routing/Dispatcher.php, line 104
Dispatcher::dispatch() - CORE/Cake/Routing/Dispatcher.php, line 86
[main] - APP/webroot/index.php, line 96

2012-02-24 17:55:54 Notice: Notice (8): Undefined index: altNumber in [/home/jitendra/public_html/myphone/app/Controller/contacts_controller.php, line 69]
Trace:
ContactsController::add() - APP/Controller/contacts_controller.php, line 69
ReflectionMethod::invokeArgs() - [internal], line ??
Controller::invokeAction() - CORE/Cake/Controller/Controller.php, line 473
Dispatcher::_invoke() - CORE/Cake/Routing/Dispatcher.php, line 104
Dispatcher::dispatch() - CORE/Cake/Routing/Dispatcher.php, line 86
[main] - APP/webroot/index.php, line 96

2012-03-12 15:20:06 Notice: Notice (8): Undefined index: name in [/home/jitendra/public_html/myphone/app/View/Homes/csv/export.ctp, line 13]
Trace:
include - APP/View/Homes/csv/export.ctp, line 13
View::_render() - CORE/Cake/View/View.php, line 595
View::render() - CORE/Cake/View/View.php, line 362
Controller::render() - CORE/Cake/Controller/Controller.php, line 900
Dispatcher::_invoke() - CORE/Cake/Routing/Dispatcher.php, line 111
Dispatcher::dispatch() - CORE/Cake/Routing/Dispatcher.php, line 86
[main] - APP/webroot/index.php, line 96

2012-03-12 15:20:06 Notice: Notice (8): Undefined index: name in [/home/jitendra/public_html/myphone/app/View/Homes/csv/export.ctp, line 13]
Trace:
include - APP/View/Homes/csv/export.ctp, line 13
View::_render() - CORE/Cake/View/View.php, line 595
View::render() - CORE/Cake/View/View.php, line 362
Controller::render() - CORE/Cake/Controller/Controller.php, line 900
Dispatcher::_invoke() - CORE/Cake/Routing/Dispatcher.php, line 111
Dispatcher::dispatch() - CORE/Cake/Routing/Dispatcher.php, line 86
[main] - APP/webroot/index.php, line 96

2012-03-12 15:20:06 Notice: Notice (8): Undefined index: name in [/home/jitendra/public_html/myphone/app/View/Homes/csv/export.ctp, line 13]
Trace:
include - APP/View/Homes/csv/export.ctp, line 13
View::_render() - CORE/Cake/View/View.php, line 595
View::render() - CORE/Cake/View/View.php, line 362
Controller::render() - CORE/Cake/Controller/Controller.php, line 900
Dispatcher::_invoke() - CORE/Cake/Routing/Dispatcher.php, line 111
Dispatcher::dispatch() - CORE/Cake/Routing/Dispatcher.php, line 86
[main] - APP/webroot/index.php, line 96

2012-03-12 15:20:06 Notice: Notice (8): Undefined index: name in [/home/jitendra/public_html/myphone/app/View/Homes/csv/export.ctp, line 13]
Trace:
include - APP/View/Homes/csv/export.ctp, line 13
View::_render() - CORE/Cake/View/View.php, line 595
View::render() - CORE/Cake/View/View.php, line 362
Controller::render() - CORE/Cake/Controller/Controller.php, line 900
Dispatcher::_invoke() - CORE/Cake/Routing/Dispatcher.php, line 111
Dispatcher::dispatch() - CORE/Cake/Routing/Dispatcher.php, line 86
[main] - APP/webroot/index.php, line 96

2012-03-12 15:20:06 Notice: Notice (8): Undefined index: name in [/home/jitendra/public_html/myphone/app/View/Homes/csv/export.ctp, line 13]
Trace:
include - APP/View/Homes/csv/export.ctp, line 13
View::_render() - CORE/Cake/View/View.php, line 595
View::render() - CORE/Cake/View/View.php, line 362
Controller::render() - CORE/Cake/Controller/Controller.php, line 900
Dispatcher::_invoke() - CORE/Cake/Routing/Dispatcher.php, line 111
Dispatcher::dispatch() - CORE/Cake/Routing/Dispatcher.php, line 86
[main] - APP/webroot/index.php, line 96

2012-03-12 15:20:06 Notice: Notice (8): Undefined index: name in [/home/jitendra/public_html/myphone/app/View/Homes/csv/export.ctp, line 13]
Trace:
include - APP/View/Homes/csv/export.ctp, line 13
View::_render() - CORE/Cake/View/View.php, line 595
View::render() - CORE/Cake/View/View.php, line 362
Controller::render() - CORE/Cake/Controller/Controller.php, line 900
Dispatcher::_invoke() - CORE/Cake/Routing/Dispatcher.php, line 111
Dispatcher::dispatch() - CORE/Cake/Routing/Dispatcher.php, line 86
[main] - APP/webroot/index.php, line 96

2012-03-12 15:20:06 Notice: Notice (8): Undefined index: name in [/home/jitendra/public_html/myphone/app/View/Homes/csv/export.ctp, line 13]
Trace:
include - APP/View/Homes/csv/export.ctp, line 13
View::_render() - CORE/Cake/View/View.php, line 595
View::render() - CORE/Cake/View/View.php, line 362
Controller::render() - CORE/Cake/Controller/Controller.php, line 900
Dispatcher::_invoke() - CORE/Cake/Routing/Dispatcher.php, line 111
Dispatcher::dispatch() - CORE/Cake/Routing/Dispatcher.php, line 86
[main] - APP/webroot/index.php, line 96

2012-03-12 15:20:06 Notice: Notice (8): Undefined index: name in [/home/jitendra/public_html/myphone/app/View/Homes/csv/export.ctp, line 13]
Trace:
include - APP/View/Homes/csv/export.ctp, line 13
View::_render() - CORE/Cake/View/View.php, line 595
View::render() - CORE/Cake/View/View.php, line 362
Controller::render() - CORE/Cake/Controller/Controller.php, line 900
Dispatcher::_invoke() - CORE/Cake/Routing/Dispatcher.php, line 111
Dispatcher::dispatch() - CORE/Cake/Routing/Dispatcher.php, line 86
[main] - APP/webroot/index.php, line 96

2012-03-12 15:20:06 Notice: Notice (8): Undefined index: name in [/home/jitendra/public_html/myphone/app/View/Homes/csv/export.ctp, line 13]
Trace:
include - APP/View/Homes/csv/export.ctp, line 13
View::_render() - CORE/Cake/View/View.php, line 595
View::render() - CORE/Cake/View/View.php, line 362
Controller::render() - CORE/Cake/Controller/Controller.php, line 900
Dispatcher::_invoke() - CORE/Cake/Routing/Dispatcher.php, line 111
Dispatcher::dispatch() - CORE/Cake/Routing/Dispatcher.php, line 86
[main] - APP/webroot/index.php, line 96

