2012-02-14 11:46:18 Error: [PDOException] SQLSTATE[42000]: Syntax error or access violation: 1064 You have an error in your SQL syntax; check the manual that corresponds to your MySQL server version for the right syntax to use near 'contain' at line 1
#0 /home/jitendra/public_html/myphone/lib/Cake/Model/Datasource/DboSource.php(436): PDOStatement->execute(Array)
#1 /home/jitendra/public_html/myphone/lib/Cake/Model/Datasource/DboSource.php(403): DboSource->_execute('contain', Array)
#2 /home/jitendra/public_html/myphone/lib/Cake/Model/Datasource/DboSource.php(647): DboSource->execute('contain', Array, Array)
#3 /home/jitendra/public_html/myphone/lib/Cake/Model/Datasource/DboSource.php(589): DboSource->fetchAll('contain', Array, Array)
#4 /home/jitendra/public_html/myphone/lib/Cake/Model/Model.php(720): DboSource->query('contain', Array, Object(AppModel))
#5 /home/jitendra/public_html/myphone/app/Controller/posts_controller.php(76): Model->__call('contain', Array)
#6 /home/jitendra/public_html/myphone/app/Controller/posts_controller.php(76): AppModel->contain()
#7 [internal function]: PostsController->index()
#8 /home/jitendra/public_html/myphone/lib/Cake/Controller/Controller.php(473): ReflectionMethod->invokeArgs(Object(PostsController), Array)
#9 /home/jitendra/public_html/myphone/lib/Cake/Routing/Dispatcher.php(104): Controller->invokeAction(Object(CakeRequest))
#10 /home/jitendra/public_html/myphone/lib/Cake/Routing/Dispatcher.php(86): Dispatcher->_invoke(Object(PostsController), Object(CakeRequest), Object(CakeResponse))
#11 /home/jitendra/public_html/myphone/app/webroot/index.php(96): Dispatcher->dispatch(Object(CakeRequest), Object(CakeResponse))
#12 {main}
2012-02-14 11:46:55 Error: [PDOException] SQLSTATE[42000]: Syntax error or access violation: 1064 You have an error in your SQL syntax; check the manual that corresponds to your MySQL server version for the right syntax to use near 'contain' at line 1
#0 /home/jitendra/public_html/myphone/lib/Cake/Model/Datasource/DboSource.php(436): PDOStatement->execute(Array)
#1 /home/jitendra/public_html/myphone/lib/Cake/Model/Datasource/DboSource.php(403): DboSource->_execute('contain', Array)
#2 /home/jitendra/public_html/myphone/lib/Cake/Model/Datasource/DboSource.php(647): DboSource->execute('contain', Array, Array)
#3 /home/jitendra/public_html/myphone/lib/Cake/Model/Datasource/DboSource.php(589): DboSource->fetchAll('contain', Array, Array)
#4 /home/jitendra/public_html/myphone/lib/Cake/Model/Model.php(720): DboSource->query('contain', Array, Object(AppModel))
#5 /home/jitendra/public_html/myphone/app/Controller/posts_controller.php(76): Model->__call('contain', Array)
#6 /home/jitendra/public_html/myphone/app/Controller/posts_controller.php(76): AppModel->contain()
#7 [internal function]: PostsController->index()
#8 /home/jitendra/public_html/myphone/lib/Cake/Controller/Controller.php(473): ReflectionMethod->invokeArgs(Object(PostsController), Array)
#9 /home/jitendra/public_html/myphone/lib/Cake/Routing/Dispatcher.php(104): Controller->invokeAction(Object(CakeRequest))
#10 /home/jitendra/public_html/myphone/lib/Cake/Routing/Dispatcher.php(86): Dispatcher->_invoke(Object(PostsController), Object(CakeRequest), Object(CakeResponse))
#11 /home/jitendra/public_html/myphone/app/webroot/index.php(96): Dispatcher->dispatch(Object(CakeRequest), Object(CakeResponse))
#12 {main}
2012-02-14 11:47:14 Error: [MissingBehaviorException] Behavior class FileModelBehavior could not be found.
#0 /home/jitendra/public_html/myphone/lib/Cake/Model/BehaviorCollection.php(67): BehaviorCollection->load('FileModel', Array)
#1 /home/jitendra/public_html/myphone/lib/Cake/Model/Model.php(704): BehaviorCollection->init('Post', Array)
#2 [internal function]: Model->__construct(Array)
#3 /home/jitendra/public_html/myphone/lib/Cake/Utility/ClassRegistry.php(142): ReflectionClass->newInstance(Array)
#4 /home/jitendra/public_html/myphone/lib/Cake/Controller/Controller.php(670): ClassRegistry::init(Array)
#5 /home/jitendra/public_html/myphone/lib/Cake/Controller/Controller.php(366): Controller->loadModel('Post')
#6 /home/jitendra/public_html/myphone/lib/Cake/Controller/Controller.php(394): Controller->__isset('Post')
#7 /home/jitendra/public_html/myphone/app/Controller/posts_controller.php(76): Controller->__get('Post')
#8 [internal function]: PostsController->index()
#9 /home/jitendra/public_html/myphone/lib/Cake/Controller/Controller.php(473): ReflectionMethod->invokeArgs(Object(PostsController), Array)
#10 /home/jitendra/public_html/myphone/lib/Cake/Routing/Dispatcher.php(104): Controller->invokeAction(Object(CakeRequest))
#11 /home/jitendra/public_html/myphone/lib/Cake/Routing/Dispatcher.php(86): Dispatcher->_invoke(Object(PostsController), Object(CakeRequest), Object(CakeResponse))
#12 /home/jitendra/public_html/myphone/app/webroot/index.php(96): Dispatcher->dispatch(Object(CakeRequest), Object(CakeResponse))
#13 {main}
2012-02-14 11:47:43 Error: [MissingHelperException] Helper class AjaxHelper could not be found.
#0 /home/jitendra/public_html/myphone/lib/Cake/View/View.php(574): HelperCollection->load('Ajax', Array)
#1 /home/jitendra/public_html/myphone/lib/Cake/View/View.php(356): View->loadHelpers()
#2 /home/jitendra/public_html/myphone/lib/Cake/Controller/Controller.php(900): View->render(NULL, NULL)
#3 /home/jitendra/public_html/myphone/lib/Cake/Routing/Dispatcher.php(111): Controller->render()
#4 /home/jitendra/public_html/myphone/lib/Cake/Routing/Dispatcher.php(86): Dispatcher->_invoke(Object(PostsController), Object(CakeRequest), Object(CakeResponse))
#5 /home/jitendra/public_html/myphone/app/webroot/index.php(96): Dispatcher->dispatch(Object(CakeRequest), Object(CakeResponse))
#6 {main}
2012-02-14 11:48:02 Error: [MissingHelperException] Helper class JavascriptHelper could not be found.
#0 /home/jitendra/public_html/myphone/lib/Cake/View/View.php(574): HelperCollection->load('Javascript', Array)
#1 /home/jitendra/public_html/myphone/lib/Cake/View/View.php(356): View->loadHelpers()
#2 /home/jitendra/public_html/myphone/lib/Cake/Controller/Controller.php(900): View->render(NULL, NULL)
#3 /home/jitendra/public_html/myphone/lib/Cake/Routing/Dispatcher.php(111): Controller->render()
#4 /home/jitendra/public_html/myphone/lib/Cake/Routing/Dispatcher.php(86): Dispatcher->_invoke(Object(PostsController), Object(CakeRequest), Object(CakeResponse))
#5 /home/jitendra/public_html/myphone/app/webroot/index.php(96): Dispatcher->dispatch(Object(CakeRequest), Object(CakeResponse))
#6 {main}
2012-02-14 11:48:10 Error: [MissingViewException] View file "/home/jitendra/public_html/myphone/app/View/Posts/index.ctp" is missing.
#0 /home/jitendra/public_html/myphone/lib/Cake/View/View.php(360): View->_getViewFileName(NULL)
#1 /home/jitendra/public_html/myphone/lib/Cake/Controller/Controller.php(900): View->render(NULL, NULL)
#2 /home/jitendra/public_html/myphone/lib/Cake/Routing/Dispatcher.php(111): Controller->render()
#3 /home/jitendra/public_html/myphone/lib/Cake/Routing/Dispatcher.php(86): Dispatcher->_invoke(Object(PostsController), Object(CakeRequest), Object(CakeResponse))
#4 /home/jitendra/public_html/myphone/app/webroot/index.php(96): Dispatcher->dispatch(Object(CakeRequest), Object(CakeResponse))
#5 {main}
2012-02-14 11:48:37 Error: [MissingViewException] View file "/home/jitendra/public_html/myphone/app/View/Posts/index.ctp" is missing.
#0 /home/jitendra/public_html/myphone/lib/Cake/View/View.php(360): View->_getViewFileName(NULL)
#1 /home/jitendra/public_html/myphone/lib/Cake/Controller/Controller.php(900): View->render(NULL, NULL)
#2 /home/jitendra/public_html/myphone/lib/Cake/Routing/Dispatcher.php(111): Controller->render()
#3 /home/jitendra/public_html/myphone/lib/Cake/Routing/Dispatcher.php(86): Dispatcher->_invoke(Object(PostsController), Object(CakeRequest), Object(CakeResponse))
#4 /home/jitendra/public_html/myphone/app/webroot/index.php(96): Dispatcher->dispatch(Object(CakeRequest), Object(CakeResponse))
#5 {main}
2012-02-14 11:49:14 Error: [MissingViewException] View file "/home/jitendra/public_html/myphone/app/View/Posts/index.ctp" is missing.
#0 /home/jitendra/public_html/myphone/lib/Cake/View/View.php(360): View->_getViewFileName(NULL)
#1 /home/jitendra/public_html/myphone/lib/Cake/Controller/Controller.php(900): View->render(NULL, NULL)
#2 /home/jitendra/public_html/myphone/lib/Cake/Routing/Dispatcher.php(111): Controller->render()
#3 /home/jitendra/public_html/myphone/lib/Cake/Routing/Dispatcher.php(86): Dispatcher->_invoke(Object(PostsController), Object(CakeRequest), Object(CakeResponse))
#4 /home/jitendra/public_html/myphone/app/webroot/index.php(96): Dispatcher->dispatch(Object(CakeRequest), Object(CakeResponse))
#5 {main}
2012-02-14 11:49:59 Error: [MissingViewException] View file "/home/jitendra/public_html/myphone/app/View/Posts/index.ctp" is missing.
#0 /home/jitendra/public_html/myphone/lib/Cake/View/View.php(360): View->_getViewFileName(NULL)
#1 /home/jitendra/public_html/myphone/lib/Cake/Controller/Controller.php(900): View->render(NULL, NULL)
#2 /home/jitendra/public_html/myphone/lib/Cake/Routing/Dispatcher.php(111): Controller->render()
#3 /home/jitendra/public_html/myphone/lib/Cake/Routing/Dispatcher.php(86): Dispatcher->_invoke(Object(PostsController), Object(CakeRequest), Object(CakeResponse))
#4 /home/jitendra/public_html/myphone/app/webroot/index.php(96): Dispatcher->dispatch(Object(CakeRequest), Object(CakeResponse))
#5 {main}
2012-02-14 11:50:02 Error: [MissingViewException] View file "/home/jitendra/public_html/myphone/app/View/Posts/index.ctp" is missing.
#0 /home/jitendra/public_html/myphone/lib/Cake/View/View.php(360): View->_getViewFileName(NULL)
#1 /home/jitendra/public_html/myphone/lib/Cake/Controller/Controller.php(900): View->render(NULL, NULL)
#2 /home/jitendra/public_html/myphone/lib/Cake/Routing/Dispatcher.php(111): Controller->render()
#3 /home/jitendra/public_html/myphone/lib/Cake/Routing/Dispatcher.php(86): Dispatcher->_invoke(Object(PostsController), Object(CakeRequest), Object(CakeResponse))
#4 /home/jitendra/public_html/myphone/app/webroot/index.php(96): Dispatcher->dispatch(Object(CakeRequest), Object(CakeResponse))
#5 {main}
2012-02-14 11:50:36 Error: [MissingViewException] View file "/home/jitendra/public_html/myphone/app/View/Posts/index.ctp" is missing.
#0 /home/jitendra/public_html/myphone/lib/Cake/View/View.php(360): View->_getViewFileName(NULL)
#1 /home/jitendra/public_html/myphone/lib/Cake/Controller/Controller.php(900): View->render(NULL, NULL)
#2 /home/jitendra/public_html/myphone/lib/Cake/Routing/Dispatcher.php(111): Controller->render()
#3 /home/jitendra/public_html/myphone/lib/Cake/Routing/Dispatcher.php(86): Dispatcher->_invoke(Object(PostsController), Object(CakeRequest), Object(CakeResponse))
#4 /home/jitendra/public_html/myphone/app/webroot/index.php(96): Dispatcher->dispatch(Object(CakeRequest), Object(CakeResponse))
#5 {main}
2012-02-14 11:51:06 Error: [MissingViewException] View file "/home/jitendra/public_html/myphone/app/View/Posts/index.ctp" is missing.
#0 /home/jitendra/public_html/myphone/lib/Cake/View/View.php(360): View->_getViewFileName(NULL)
#1 /home/jitendra/public_html/myphone/lib/Cake/Controller/Controller.php(900): View->render(NULL, NULL)
#2 /home/jitendra/public_html/myphone/lib/Cake/Routing/Dispatcher.php(111): Controller->render()
#3 /home/jitendra/public_html/myphone/lib/Cake/Routing/Dispatcher.php(86): Dispatcher->_invoke(Object(PostsController), Object(CakeRequest), Object(CakeResponse))
#4 /home/jitendra/public_html/myphone/app/webroot/index.php(96): Dispatcher->dispatch(Object(CakeRequest), Object(CakeResponse))
#5 {main}
2012-02-14 11:51:48 Error: [MissingViewException] View file "/home/jitendra/public_html/myphone/app/View/Posts/index.ctp" is missing.
#0 /home/jitendra/public_html/myphone/lib/Cake/View/View.php(360): View->_getViewFileName(NULL)
#1 /home/jitendra/public_html/myphone/lib/Cake/Controller/Controller.php(900): View->render(NULL, NULL)
#2 /home/jitendra/public_html/myphone/lib/Cake/Routing/Dispatcher.php(111): Controller->render()
#3 /home/jitendra/public_html/myphone/lib/Cake/Routing/Dispatcher.php(86): Dispatcher->_invoke(Object(PostsController), Object(CakeRequest), Object(CakeResponse))
#4 /home/jitendra/public_html/myphone/app/webroot/index.php(96): Dispatcher->dispatch(Object(CakeRequest), Object(CakeResponse))
#5 {main}
2012-02-14 11:51:51 Error: [MissingViewException] View file "/home/jitendra/public_html/myphone/app/View/Posts/index.ctp" is missing.
#0 /home/jitendra/public_html/myphone/lib/Cake/View/View.php(360): View->_getViewFileName(NULL)
#1 /home/jitendra/public_html/myphone/lib/Cake/Controller/Controller.php(900): View->render(NULL, NULL)
#2 /home/jitendra/public_html/myphone/lib/Cake/Routing/Dispatcher.php(111): Controller->render()
#3 /home/jitendra/public_html/myphone/lib/Cake/Routing/Dispatcher.php(86): Dispatcher->_invoke(Object(PostsController), Object(CakeRequest), Object(CakeResponse))
#4 /home/jitendra/public_html/myphone/app/webroot/index.php(96): Dispatcher->dispatch(Object(CakeRequest), Object(CakeResponse))
#5 {main}
2012-02-14 11:52:30 Error: [MissingViewException] View file "/home/jitendra/public_html/myphone/app/View/Posts/index.ctp" is missing.
#0 /home/jitendra/public_html/myphone/lib/Cake/View/View.php(360): View->_getViewFileName(NULL)
#1 /home/jitendra/public_html/myphone/lib/Cake/Controller/Controller.php(900): View->render(NULL, NULL)
#2 /home/jitendra/public_html/myphone/lib/Cake/Routing/Dispatcher.php(111): Controller->render()
#3 /home/jitendra/public_html/myphone/lib/Cake/Routing/Dispatcher.php(86): Dispatcher->_invoke(Object(PostsController), Object(CakeRequest), Object(CakeResponse))
#4 /home/jitendra/public_html/myphone/app/webroot/index.php(96): Dispatcher->dispatch(Object(CakeRequest), Object(CakeResponse))
#5 {main}
2012-02-14 11:53:16 Error: [MissingBehaviorException] Behavior class FileModelBehavior could not be found.
#0 /home/jitendra/public_html/myphone/lib/Cake/Model/BehaviorCollection.php(67): BehaviorCollection->load('FileModel', Array)
#1 /home/jitendra/public_html/myphone/lib/Cake/Model/Model.php(704): BehaviorCollection->init('Post', Array)
#2 [internal function]: Model->__construct(Array)
#3 /home/jitendra/public_html/myphone/lib/Cake/Utility/ClassRegistry.php(142): ReflectionClass->newInstance(Array)
#4 /home/jitendra/public_html/myphone/lib/Cake/Controller/Controller.php(670): ClassRegistry::init(Array)
#5 /home/jitendra/public_html/myphone/lib/Cake/Controller/Controller.php(366): Controller->loadModel('Post')
#6 /home/jitendra/public_html/myphone/lib/Cake/Controller/Controller.php(394): Controller->__isset('Post')
#7 /home/jitendra/public_html/myphone/app/Controller/posts_controller.php(137): Controller->__get('Post')
#8 [internal function]: PostsController->add()
#9 /home/jitendra/public_html/myphone/lib/Cake/Controller/Controller.php(473): ReflectionMethod->invokeArgs(Object(PostsController), Array)
#10 /home/jitendra/public_html/myphone/lib/Cake/Routing/Dispatcher.php(104): Controller->invokeAction(Object(CakeRequest))
#11 /home/jitendra/public_html/myphone/lib/Cake/Routing/Dispatcher.php(86): Dispatcher->_invoke(Object(PostsController), Object(CakeRequest), Object(CakeResponse))
#12 /home/jitendra/public_html/myphone/app/webroot/index.php(96): Dispatcher->dispatch(Object(CakeRequest), Object(CakeResponse))
#13 {main}
2012-02-14 11:53:30 Error: [MissingViewException] View file "/home/jitendra/public_html/myphone/app/View/Posts/add.ctp" is missing.
#0 /home/jitendra/public_html/myphone/lib/Cake/View/View.php(360): View->_getViewFileName(NULL)
#1 /home/jitendra/public_html/myphone/lib/Cake/Controller/Controller.php(900): View->render(NULL, NULL)
#2 /home/jitendra/public_html/myphone/lib/Cake/Routing/Dispatcher.php(111): Controller->render()
#3 /home/jitendra/public_html/myphone/lib/Cake/Routing/Dispatcher.php(86): Dispatcher->_invoke(Object(PostsController), Object(CakeRequest), Object(CakeResponse))
#4 /home/jitendra/public_html/myphone/app/webroot/index.php(96): Dispatcher->dispatch(Object(CakeRequest), Object(CakeResponse))
#5 {main}
2012-02-14 11:57:02 Error: [MissingViewException] View file "/home/jitendra/public_html/myphone/app/View/Homes/index.ctp" is missing.
#0 /home/jitendra/public_html/myphone/lib/Cake/View/View.php(360): View->_getViewFileName(NULL)
#1 /home/jitendra/public_html/myphone/lib/Cake/Controller/Controller.php(900): View->render(NULL, NULL)
#2 /home/jitendra/public_html/myphone/lib/Cake/Routing/Dispatcher.php(111): Controller->render()
#3 /home/jitendra/public_html/myphone/lib/Cake/Routing/Dispatcher.php(86): Dispatcher->_invoke(Object(HomesController), Object(CakeRequest), Object(CakeResponse))
#4 /home/jitendra/public_html/myphone/app/webroot/index.php(96): Dispatcher->dispatch(Object(CakeRequest), Object(CakeResponse))
#5 {main}
2012-02-14 11:57:56 Error: [MissingViewException] View file "/home/jitendra/public_html/myphone/app/View/Homes/index.ctp" is missing.
#0 /home/jitendra/public_html/myphone/lib/Cake/View/View.php(360): View->_getViewFileName(NULL)
#1 /home/jitendra/public_html/myphone/lib/Cake/Controller/Controller.php(900): View->render(NULL, NULL)
#2 /home/jitendra/public_html/myphone/lib/Cake/Routing/Dispatcher.php(111): Controller->render()
#3 /home/jitendra/public_html/myphone/lib/Cake/Routing/Dispatcher.php(86): Dispatcher->_invoke(Object(HomesController), Object(CakeRequest), Object(CakeResponse))
#4 /home/jitendra/public_html/myphone/app/webroot/index.php(96): Dispatcher->dispatch(Object(CakeRequest), Object(CakeResponse))
#5 {main}
2012-02-14 11:58:31 Error: [MissingViewException] View file "/home/jitendra/public_html/myphone/app/View/Homes/index.ctp" is missing.
#0 /home/jitendra/public_html/myphone/lib/Cake/View/View.php(360): View->_getViewFileName(NULL)
#1 /home/jitendra/public_html/myphone/lib/Cake/Controller/Controller.php(900): View->render(NULL, NULL)
#2 /home/jitendra/public_html/myphone/lib/Cake/Routing/Dispatcher.php(111): Controller->render()
#3 /home/jitendra/public_html/myphone/lib/Cake/Routing/Dispatcher.php(86): Dispatcher->_invoke(Object(HomesController), Object(CakeRequest), Object(CakeResponse))
#4 /home/jitendra/public_html/myphone/app/webroot/index.php(96): Dispatcher->dispatch(Object(CakeRequest), Object(CakeResponse))
#5 {main}
2012-02-14 11:59:02 Error: [MissingViewException] View file "/home/jitendra/public_html/myphone/app/View/Homes/index.ctp" is missing.
#0 /home/jitendra/public_html/myphone/lib/Cake/View/View.php(360): View->_getViewFileName(NULL)
#1 /home/jitendra/public_html/myphone/lib/Cake/Controller/Controller.php(900): View->render(NULL, NULL)
#2 /home/jitendra/public_html/myphone/lib/Cake/Routing/Dispatcher.php(111): Controller->render()
#3 /home/jitendra/public_html/myphone/lib/Cake/Routing/Dispatcher.php(86): Dispatcher->_invoke(Object(HomesController), Object(CakeRequest), Object(CakeResponse))
#4 /home/jitendra/public_html/myphone/app/webroot/index.php(96): Dispatcher->dispatch(Object(CakeRequest), Object(CakeResponse))
#5 {main}
2012-02-14 11:59:24 Error: [MissingViewException] View file "/home/jitendra/public_html/myphone/app/View/Homes/index.ctp" is missing.
#0 /home/jitendra/public_html/myphone/lib/Cake/View/View.php(360): View->_getViewFileName(NULL)
#1 /home/jitendra/public_html/myphone/lib/Cake/Controller/Controller.php(900): View->render(NULL, NULL)
#2 /home/jitendra/public_html/myphone/lib/Cake/Routing/Dispatcher.php(111): Controller->render()
#3 /home/jitendra/public_html/myphone/lib/Cake/Routing/Dispatcher.php(86): Dispatcher->_invoke(Object(HomesController), Object(CakeRequest), Object(CakeResponse))
#4 /home/jitendra/public_html/myphone/app/webroot/index.php(96): Dispatcher->dispatch(Object(CakeRequest), Object(CakeResponse))
#5 {main}
2012-02-14 14:31:22 Error: [MissingHelperException] Helper class JavascriptHelper could not be found.
#0 /home/jitendra/public_html/myphone/lib/Cake/View/View.php(574): HelperCollection->load('Javascript', Array)
#1 /home/jitendra/public_html/myphone/lib/Cake/View/View.php(356): View->loadHelpers()
#2 /home/jitendra/public_html/myphone/lib/Cake/Controller/Controller.php(900): View->render(NULL, NULL)
#3 /home/jitendra/public_html/myphone/lib/Cake/Routing/Dispatcher.php(111): Controller->render()
#4 /home/jitendra/public_html/myphone/lib/Cake/Routing/Dispatcher.php(86): Dispatcher->_invoke(Object(HomesController), Object(CakeRequest), Object(CakeResponse))
#5 /home/jitendra/public_html/myphone/app/webroot/index.php(96): Dispatcher->dispatch(Object(CakeRequest), Object(CakeResponse))
#6 {main}
2012-02-14 14:32:33 Error: [MissingHelperException] Helper class JavascriptHelper could not be found.
#0 /home/jitendra/public_html/myphone/lib/Cake/View/View.php(574): HelperCollection->load('Javascript', Array)
#1 /home/jitendra/public_html/myphone/lib/Cake/View/View.php(356): View->loadHelpers()
#2 /home/jitendra/public_html/myphone/lib/Cake/Controller/Controller.php(900): View->render(NULL, NULL)
#3 /home/jitendra/public_html/myphone/lib/Cake/Routing/Dispatcher.php(111): Controller->render()
#4 /home/jitendra/public_html/myphone/lib/Cake/Routing/Dispatcher.php(86): Dispatcher->_invoke(Object(HomesController), Object(CakeRequest), Object(CakeResponse))
#5 /home/jitendra/public_html/myphone/app/webroot/index.php(96): Dispatcher->dispatch(Object(CakeRequest), Object(CakeResponse))
#6 {main}
2012-02-14 14:32:44 Error: [MissingHelperException] Helper class JavascriptHelper could not be found.
#0 /home/jitendra/public_html/myphone/lib/Cake/View/View.php(574): HelperCollection->load('Javascript', Array)
#1 /home/jitendra/public_html/myphone/lib/Cake/View/View.php(356): View->loadHelpers()
#2 /home/jitendra/public_html/myphone/lib/Cake/Controller/Controller.php(900): View->render(NULL, NULL)
#3 /home/jitendra/public_html/myphone/lib/Cake/Routing/Dispatcher.php(111): Controller->render()
#4 /home/jitendra/public_html/myphone/lib/Cake/Routing/Dispatcher.php(86): Dispatcher->_invoke(Object(HomesController), Object(CakeRequest), Object(CakeResponse))
#5 /home/jitendra/public_html/myphone/app/webroot/index.php(96): Dispatcher->dispatch(Object(CakeRequest), Object(CakeResponse))
#6 {main}
2012-02-14 14:34:10 Error: [MissingHelperException] Helper class JavascriptHelper could not be found.
#0 /home/jitendra/public_html/myphone/lib/Cake/View/View.php(574): HelperCollection->load('Javascript', Array)
#1 /home/jitendra/public_html/myphone/lib/Cake/View/View.php(356): View->loadHelpers()
#2 /home/jitendra/public_html/myphone/lib/Cake/Controller/Controller.php(900): View->render(NULL, NULL)
#3 /home/jitendra/public_html/myphone/lib/Cake/Routing/Dispatcher.php(111): Controller->render()
#4 /home/jitendra/public_html/myphone/lib/Cake/Routing/Dispatcher.php(86): Dispatcher->_invoke(Object(HomesController), Object(CakeRequest), Object(CakeResponse))
#5 /home/jitendra/public_html/myphone/app/webroot/index.php(96): Dispatcher->dispatch(Object(CakeRequest), Object(CakeResponse))
#6 {main}
2012-02-14 14:39:07 Error: [MissingHelperException] Helper class JavascriptHelper could not be found.
#0 /home/jitendra/public_html/myphone/lib/Cake/View/View.php(574): HelperCollection->load('Javascript', Array)
#1 /home/jitendra/public_html/myphone/lib/Cake/View/View.php(356): View->loadHelpers()
#2 /home/jitendra/public_html/myphone/lib/Cake/Controller/Controller.php(900): View->render(NULL, NULL)
#3 /home/jitendra/public_html/myphone/lib/Cake/Routing/Dispatcher.php(111): Controller->render()
#4 /home/jitendra/public_html/myphone/lib/Cake/Routing/Dispatcher.php(86): Dispatcher->_invoke(Object(HomesController), Object(CakeRequest), Object(CakeResponse))
#5 /home/jitendra/public_html/myphone/app/webroot/index.php(96): Dispatcher->dispatch(Object(CakeRequest), Object(CakeResponse))
#6 {main}
2012-02-20 15:25:49 Error: [MissingHelperException] Helper class JavascriptHelper could not be found.
#0 /home/jitendra/public_html/myphone/lib/Cake/View/View.php(574): HelperCollection->load('Javascript', Array)
#1 /home/jitendra/public_html/myphone/lib/Cake/View/View.php(356): View->loadHelpers()
#2 /home/jitendra/public_html/myphone/lib/Cake/Controller/Controller.php(900): View->render(NULL, NULL)
#3 /home/jitendra/public_html/myphone/lib/Cake/Routing/Dispatcher.php(111): Controller->render()
#4 /home/jitendra/public_html/myphone/lib/Cake/Routing/Dispatcher.php(86): Dispatcher->_invoke(Object(HomesController), Object(CakeRequest), Object(CakeResponse))
#5 /home/jitendra/public_html/myphone/app/webroot/index.php(96): Dispatcher->dispatch(Object(CakeRequest), Object(CakeResponse))
#6 {main}
2012-02-20 15:26:26 Error: [MissingHelperException] Helper class JavascriptHelper could not be found.
#0 /home/jitendra/public_html/myphone/lib/Cake/View/View.php(574): HelperCollection->load('Javascript', Array)
#1 /home/jitendra/public_html/myphone/lib/Cake/View/View.php(356): View->loadHelpers()
#2 /home/jitendra/public_html/myphone/lib/Cake/Controller/Controller.php(900): View->render(NULL, NULL)
#3 /home/jitendra/public_html/myphone/lib/Cake/Routing/Dispatcher.php(111): Controller->render()
#4 /home/jitendra/public_html/myphone/lib/Cake/Routing/Dispatcher.php(86): Dispatcher->_invoke(Object(HomesController), Object(CakeRequest), Object(CakeResponse))
#5 /home/jitendra/public_html/myphone/app/webroot/index.php(96): Dispatcher->dispatch(Object(CakeRequest), Object(CakeResponse))
#6 {main}
2012-02-20 15:27:29 Error: [MissingHelperException] Helper class JavascriptHelper could not be found.
#0 /home/jitendra/public_html/myphone/lib/Cake/View/View.php(574): HelperCollection->load('Javascript', Array)
#1 /home/jitendra/public_html/myphone/lib/Cake/View/View.php(356): View->loadHelpers()
#2 /home/jitendra/public_html/myphone/lib/Cake/Controller/Controller.php(900): View->render(NULL, NULL)
#3 /home/jitendra/public_html/myphone/lib/Cake/Routing/Dispatcher.php(111): Controller->render()
#4 /home/jitendra/public_html/myphone/lib/Cake/Routing/Dispatcher.php(86): Dispatcher->_invoke(Object(HomesController), Object(CakeRequest), Object(CakeResponse))
#5 /home/jitendra/public_html/myphone/app/webroot/index.php(96): Dispatcher->dispatch(Object(CakeRequest), Object(CakeResponse))
#6 {main}
2012-02-20 15:27:32 Error: [MissingHelperException] Helper class JavascriptHelper could not be found.
#0 /home/jitendra/public_html/myphone/lib/Cake/View/View.php(574): HelperCollection->load('Javascript', Array)
#1 /home/jitendra/public_html/myphone/lib/Cake/View/View.php(356): View->loadHelpers()
#2 /home/jitendra/public_html/myphone/lib/Cake/Controller/Controller.php(900): View->render(NULL, NULL)
#3 /home/jitendra/public_html/myphone/lib/Cake/Routing/Dispatcher.php(111): Controller->render()
#4 /home/jitendra/public_html/myphone/lib/Cake/Routing/Dispatcher.php(86): Dispatcher->_invoke(Object(HomesController), Object(CakeRequest), Object(CakeResponse))
#5 /home/jitendra/public_html/myphone/app/webroot/index.php(96): Dispatcher->dispatch(Object(CakeRequest), Object(CakeResponse))
#6 {main}
2012-02-20 15:27:57 Error: [MissingHelperException] Helper class JavascriptHelper could not be found.
#0 /home/jitendra/public_html/myphone/lib/Cake/View/View.php(574): HelperCollection->load('Javascript', Array)
#1 /home/jitendra/public_html/myphone/lib/Cake/View/View.php(356): View->loadHelpers()
#2 /home/jitendra/public_html/myphone/lib/Cake/Controller/Controller.php(900): View->render(NULL, NULL)
#3 /home/jitendra/public_html/myphone/lib/Cake/Routing/Dispatcher.php(111): Controller->render()
#4 /home/jitendra/public_html/myphone/lib/Cake/Routing/Dispatcher.php(86): Dispatcher->_invoke(Object(HomesController), Object(CakeRequest), Object(CakeResponse))
#5 /home/jitendra/public_html/myphone/app/webroot/index.php(96): Dispatcher->dispatch(Object(CakeRequest), Object(CakeResponse))
#6 {main}
2012-02-20 15:32:13 Error: [MissingHelperException] Helper class JavascriptHelper could not be found.
#0 /home/jitendra/public_html/myphone/lib/Cake/View/View.php(574): HelperCollection->load('Javascript', Array)
#1 /home/jitendra/public_html/myphone/lib/Cake/View/View.php(356): View->loadHelpers()
#2 /home/jitendra/public_html/myphone/lib/Cake/Controller/Controller.php(900): View->render(NULL, NULL)
#3 /home/jitendra/public_html/myphone/lib/Cake/Routing/Dispatcher.php(111): Controller->render()
#4 /home/jitendra/public_html/myphone/lib/Cake/Routing/Dispatcher.php(86): Dispatcher->_invoke(Object(HomesController), Object(CakeRequest), Object(CakeResponse))
#5 /home/jitendra/public_html/myphone/app/webroot/index.php(96): Dispatcher->dispatch(Object(CakeRequest), Object(CakeResponse))
#6 {main}
2012-02-20 15:42:28 Error: [MissingControllerException] Controller class JsController could not be found.
#0 /home/jitendra/public_html/myphone/app/webroot/index.php(96): Dispatcher->dispatch(Object(CakeRequest), Object(CakeResponse))
#1 {main}
2012-02-20 15:45:04 Error: [MissingControllerException] Controller class MyphoneController could not be found.
#0 /home/jitendra/public_html/myphone/app/webroot/index.php(96): Dispatcher->dispatch(Object(CakeRequest), Object(CakeResponse))
#1 {main}
2012-02-20 15:45:24 Error: [MissingViewException] View file "/home/jitendra/public_html/myphone/app/View/Contacts/add.ctp" is missing.
#0 /home/jitendra/public_html/myphone/lib/Cake/View/View.php(360): View->_getViewFileName(NULL)
#1 /home/jitendra/public_html/myphone/lib/Cake/Controller/Controller.php(900): View->render(NULL, NULL)
#2 /home/jitendra/public_html/myphone/lib/Cake/Routing/Dispatcher.php(111): Controller->render()
#3 /home/jitendra/public_html/myphone/lib/Cake/Routing/Dispatcher.php(86): Dispatcher->_invoke(Object(ContactsController), Object(CakeRequest), Object(CakeResponse))
#4 /home/jitendra/public_html/myphone/app/webroot/index.php(96): Dispatcher->dispatch(Object(CakeRequest), Object(CakeResponse))
#5 {main}
2012-02-20 15:45:48 Error: [MissingViewException] View file "/home/jitendra/public_html/myphone/app/View/Contacts/add.ctp" is missing.
#0 /home/jitendra/public_html/myphone/lib/Cake/View/View.php(360): View->_getViewFileName(NULL)
#1 /home/jitendra/public_html/myphone/lib/Cake/Controller/Controller.php(900): View->render(NULL, NULL)
#2 /home/jitendra/public_html/myphone/lib/Cake/Routing/Dispatcher.php(111): Controller->render()
#3 /home/jitendra/public_html/myphone/lib/Cake/Routing/Dispatcher.php(86): Dispatcher->_invoke(Object(ContactsController), Object(CakeRequest), Object(CakeResponse))
#4 /home/jitendra/public_html/myphone/app/webroot/index.php(96): Dispatcher->dispatch(Object(CakeRequest), Object(CakeResponse))
#5 {main}
2012-02-21 10:10:21 Error: [PDOException] SQLSTATE[23000]: Integrity constraint violation: 1048 Column 'number' cannot be null
#0 /home/jitendra/public_html/myphone/lib/Cake/Model/Datasource/DboSource.php(436): PDOStatement->execute(Array)
#1 /home/jitendra/public_html/myphone/lib/Cake/Model/Datasource/DboSource.php(403): DboSource->_execute('INSERT INTO `co...', Array)
#2 /home/jitendra/public_html/myphone/lib/Cake/Model/Datasource/DboSource.php(967): DboSource->execute('INSERT INTO `co...')
#3 /home/jitendra/public_html/myphone/lib/Cake/Model/Model.php(1646): DboSource->create(Object(Contact), Array, Array)
#4 /home/jitendra/public_html/myphone/app/Controller/contacts_controller.php(29): Model->save(Array)
#5 [internal function]: ContactsController->add()
#6 /home/jitendra/public_html/myphone/lib/Cake/Controller/Controller.php(473): ReflectionMethod->invokeArgs(Object(ContactsController), Array)
#7 /home/jitendra/public_html/myphone/lib/Cake/Routing/Dispatcher.php(104): Controller->invokeAction(Object(CakeRequest))
#8 /home/jitendra/public_html/myphone/lib/Cake/Routing/Dispatcher.php(86): Dispatcher->_invoke(Object(ContactsController), Object(CakeRequest), Object(CakeResponse))
#9 /home/jitendra/public_html/myphone/app/webroot/index.php(96): Dispatcher->dispatch(Object(CakeRequest), Object(CakeResponse))
#10 {main}
2012-02-21 11:16:15 Error: [PDOException] SQLSTATE[23000]: Integrity constraint violation: 1048 Column 'number' cannot be null
#0 /home/jitendra/public_html/myphone/lib/Cake/Model/Datasource/DboSource.php(436): PDOStatement->execute(Array)
#1 /home/jitendra/public_html/myphone/lib/Cake/Model/Datasource/DboSource.php(403): DboSource->_execute('INSERT INTO `co...', Array)
#2 /home/jitendra/public_html/myphone/lib/Cake/Model/Datasource/DboSource.php(967): DboSource->execute('INSERT INTO `co...')
#3 /home/jitendra/public_html/myphone/lib/Cake/Model/Model.php(1646): DboSource->create(Object(Contact), Array, Array)
#4 /home/jitendra/public_html/myphone/app/Controller/contacts_controller.php(29): Model->save(Array)
#5 [internal function]: ContactsController->add()
#6 /home/jitendra/public_html/myphone/lib/Cake/Controller/Controller.php(473): ReflectionMethod->invokeArgs(Object(ContactsController), Array)
#7 /home/jitendra/public_html/myphone/lib/Cake/Routing/Dispatcher.php(104): Controller->invokeAction(Object(CakeRequest))
#8 /home/jitendra/public_html/myphone/lib/Cake/Routing/Dispatcher.php(86): Dispatcher->_invoke(Object(ContactsController), Object(CakeRequest), Object(CakeResponse))
#9 /home/jitendra/public_html/myphone/app/webroot/index.php(96): Dispatcher->dispatch(Object(CakeRequest), Object(CakeResponse))
#10 {main}
2012-02-21 11:16:59 Error: [PDOException] SQLSTATE[23000]: Integrity constraint violation: 1048 Column 'number' cannot be null
#0 /home/jitendra/public_html/myphone/lib/Cake/Model/Datasource/DboSource.php(436): PDOStatement->execute(Array)
#1 /home/jitendra/public_html/myphone/lib/Cake/Model/Datasource/DboSource.php(403): DboSource->_execute('INSERT INTO `co...', Array)
#2 /home/jitendra/public_html/myphone/lib/Cake/Model/Datasource/DboSource.php(967): DboSource->execute('INSERT INTO `co...')
#3 /home/jitendra/public_html/myphone/lib/Cake/Model/Model.php(1646): DboSource->create(Object(Contact), Array, Array)
#4 /home/jitendra/public_html/myphone/app/Controller/contacts_controller.php(29): Model->save(Array)
#5 [internal function]: ContactsController->add()
#6 /home/jitendra/public_html/myphone/lib/Cake/Controller/Controller.php(473): ReflectionMethod->invokeArgs(Object(ContactsController), Array)
#7 /home/jitendra/public_html/myphone/lib/Cake/Routing/Dispatcher.php(104): Controller->invokeAction(Object(CakeRequest))
#8 /home/jitendra/public_html/myphone/lib/Cake/Routing/Dispatcher.php(86): Dispatcher->_invoke(Object(ContactsController), Object(CakeRequest), Object(CakeResponse))
#9 /home/jitendra/public_html/myphone/app/webroot/index.php(96): Dispatcher->dispatch(Object(CakeRequest), Object(CakeResponse))
#10 {main}
2012-02-21 13:27:41 Error: [MissingViewException] View file "/home/jitendra/public_html/myphone/app/View/Contacts/delete.ctp" is missing.
#0 /home/jitendra/public_html/myphone/lib/Cake/View/View.php(360): View->_getViewFileName(NULL)
#1 /home/jitendra/public_html/myphone/lib/Cake/Controller/Controller.php(900): View->render(NULL, NULL)
#2 /home/jitendra/public_html/myphone/lib/Cake/Routing/Dispatcher.php(111): Controller->render()
#3 /home/jitendra/public_html/myphone/lib/Cake/Routing/Dispatcher.php(86): Dispatcher->_invoke(Object(ContactsController), Object(CakeRequest), Object(CakeResponse))
#4 /home/jitendra/public_html/myphone/app/webroot/index.php(96): Dispatcher->dispatch(Object(CakeRequest), Object(CakeResponse))
#5 {main}
2012-02-21 13:28:30 Error: [MissingViewException] View file "/home/jitendra/public_html/myphone/app/View/Contacts/delete.ctp" is missing.
#0 /home/jitendra/public_html/myphone/lib/Cake/View/View.php(360): View->_getViewFileName(NULL)
#1 /home/jitendra/public_html/myphone/lib/Cake/Controller/Controller.php(900): View->render(NULL, NULL)
#2 /home/jitendra/public_html/myphone/lib/Cake/Routing/Dispatcher.php(111): Controller->render()
#3 /home/jitendra/public_html/myphone/lib/Cake/Routing/Dispatcher.php(86): Dispatcher->_invoke(Object(ContactsController), Object(CakeRequest), Object(CakeResponse))
#4 /home/jitendra/public_html/myphone/app/webroot/index.php(96): Dispatcher->dispatch(Object(CakeRequest), Object(CakeResponse))
#5 {main}
2012-02-22 12:20:22 Error: [MissingControllerException] Controller class Pleasewait.gifController could not be found.
#0 /home/jitendra/public_html/myphone/app/webroot/index.php(96): Dispatcher->dispatch(Object(CakeRequest), Object(CakeResponse))
#1 {main}
2012-02-22 12:49:09 Error: [MissingControllerException] Controller class Process.phpController could not be found.
#0 /home/jitendra/public_html/myphone/app/webroot/index.php(96): Dispatcher->dispatch(Object(CakeRequest), Object(CakeResponse))
#1 {main}
2012-02-22 12:49:11 Error: [MissingControllerException] Controller class Process.phpController could not be found.
#0 /home/jitendra/public_html/myphone/app/webroot/index.php(96): Dispatcher->dispatch(Object(CakeRequest), Object(CakeResponse))
#1 {main}
2012-02-22 12:49:12 Error: [MissingControllerException] Controller class Process.phpController could not be found.
#0 /home/jitendra/public_html/myphone/app/webroot/index.php(96): Dispatcher->dispatch(Object(CakeRequest), Object(CakeResponse))
#1 {main}
2012-02-22 12:49:13 Error: [MissingControllerException] Controller class Process.phpController could not be found.
#0 /home/jitendra/public_html/myphone/app/webroot/index.php(96): Dispatcher->dispatch(Object(CakeRequest), Object(CakeResponse))
#1 {main}
2012-02-22 13:25:01 Error: [MissingViewException] View file "/home/jitendra/public_html/myphone/app/View/Contacts/portrait.ctp" is missing.
#0 /home/jitendra/public_html/myphone/lib/Cake/View/View.php(360): View->_getViewFileName(NULL)
#1 /home/jitendra/public_html/myphone/lib/Cake/Controller/Controller.php(900): View->render(NULL, NULL)
#2 /home/jitendra/public_html/myphone/lib/Cake/Routing/Dispatcher.php(111): Controller->render()
#3 /home/jitendra/public_html/myphone/lib/Cake/Routing/Dispatcher.php(86): Dispatcher->_invoke(Object(ContactsController), Object(CakeRequest), Object(CakeResponse))
#4 /home/jitendra/public_html/myphone/app/webroot/index.php(96): Dispatcher->dispatch(Object(CakeRequest), Object(CakeResponse))
#5 {main}
2012-02-22 13:26:58 Error: [MissingViewException] View file "/home/jitendra/public_html/myphone/app/View/Contacts/portrait.ctp" is missing.
#0 /home/jitendra/public_html/myphone/lib/Cake/View/View.php(360): View->_getViewFileName(NULL)
#1 /home/jitendra/public_html/myphone/lib/Cake/Controller/Controller.php(900): View->render(NULL, NULL)
#2 /home/jitendra/public_html/myphone/lib/Cake/Routing/Dispatcher.php(111): Controller->render()
#3 /home/jitendra/public_html/myphone/lib/Cake/Routing/Dispatcher.php(86): Dispatcher->_invoke(Object(ContactsController), Object(CakeRequest), Object(CakeResponse))
#4 /home/jitendra/public_html/myphone/app/webroot/index.php(96): Dispatcher->dispatch(Object(CakeRequest), Object(CakeResponse))
#5 {main}
2012-02-24 10:58:27 Error: [MissingControllerException] Controller class CssController could not be found.
#0 /home/jitendra/public_html/myphone/app/webroot/index.php(96): Dispatcher->dispatch(Object(CakeRequest), Object(CakeResponse))
#1 {main}
2012-02-24 16:14:14 Error: [MissingControllerException] Controller class Uploader.phpController could not be found.
#0 /home/jitendra/public_html/myphone/app/webroot/index.php(96): Dispatcher->dispatch(Object(CakeRequest), Object(CakeResponse))
#1 {main}
2012-03-06 17:23:34 Error: [MissingControllerException] Controller class UsersController could not be found.
#0 /home/jitendra/public_html/myphone/app/webroot/index.php(96): Dispatcher->dispatch(Object(CakeRequest), Object(CakeResponse))
#1 {main}
2012-03-06 17:35:48 Error: [MissingViewException] View file "/home/jitendra/public_html/myphone/app/View/Users/login.ctp" is missing.
#0 /home/jitendra/public_html/myphone/lib/Cake/View/View.php(360): View->_getViewFileName(NULL)
#1 /home/jitendra/public_html/myphone/lib/Cake/Controller/Controller.php(900): View->render(NULL, NULL)
#2 /home/jitendra/public_html/myphone/lib/Cake/Routing/Dispatcher.php(111): Controller->render()
#3 /home/jitendra/public_html/myphone/lib/Cake/Routing/Dispatcher.php(86): Dispatcher->_invoke(Object(UsersController), Object(CakeRequest), Object(CakeResponse))
#4 /home/jitendra/public_html/myphone/app/webroot/index.php(96): Dispatcher->dispatch(Object(CakeRequest), Object(CakeResponse))
#5 {main}
2012-03-06 17:37:02 Error: [MissingViewException] View file "/home/jitendra/public_html/myphone/app/View/Users/login.ctp" is missing.
#0 /home/jitendra/public_html/myphone/lib/Cake/View/View.php(360): View->_getViewFileName(NULL)
#1 /home/jitendra/public_html/myphone/lib/Cake/Controller/Controller.php(900): View->render(NULL, NULL)
#2 /home/jitendra/public_html/myphone/lib/Cake/Routing/Dispatcher.php(111): Controller->render()
#3 /home/jitendra/public_html/myphone/lib/Cake/Routing/Dispatcher.php(86): Dispatcher->_invoke(Object(UsersController), Object(CakeRequest), Object(CakeResponse))
#4 /home/jitendra/public_html/myphone/app/webroot/index.php(96): Dispatcher->dispatch(Object(CakeRequest), Object(CakeResponse))
#5 {main}
2012-03-06 17:47:31 Error: [MissingActionException] Action UsersController::index() could not be found.
#0 /home/jitendra/public_html/myphone/lib/Cake/Routing/Dispatcher.php(104): Controller->invokeAction(Object(CakeRequest))
#1 /home/jitendra/public_html/myphone/lib/Cake/Routing/Dispatcher.php(86): Dispatcher->_invoke(Object(UsersController), Object(CakeRequest), Object(CakeResponse))
#2 /home/jitendra/public_html/myphone/app/webroot/index.php(96): Dispatcher->dispatch(Object(CakeRequest), Object(CakeResponse))
#3 {main}
2012-03-06 17:47:36 Error: [MissingActionException] Action UsersController::parentnode() could not be found.
#0 /home/jitendra/public_html/myphone/lib/Cake/Routing/Dispatcher.php(104): Controller->invokeAction(Object(CakeRequest))
#1 /home/jitendra/public_html/myphone/lib/Cake/Routing/Dispatcher.php(86): Dispatcher->_invoke(Object(UsersController), Object(CakeRequest), Object(CakeResponse))
#2 /home/jitendra/public_html/myphone/app/webroot/index.php(96): Dispatcher->dispatch(Object(CakeRequest), Object(CakeResponse))
#3 {main}
2012-03-06 17:58:09 Error: [MissingActionException] Action UsersController::login() could not be found.
#0 /home/jitendra/public_html/myphone/lib/Cake/Routing/Dispatcher.php(104): Controller->invokeAction(Object(CakeRequest))
#1 /home/jitendra/public_html/myphone/lib/Cake/Routing/Dispatcher.php(86): Dispatcher->_invoke(Object(UsersController), Object(CakeRequest), Object(CakeResponse))
#2 /home/jitendra/public_html/myphone/app/webroot/index.php(96): Dispatcher->dispatch(Object(CakeRequest), Object(CakeResponse))
#3 {main}
2012-03-06 17:58:59 Error: [MissingActionException] Action UsersController::login() could not be found.
#0 /home/jitendra/public_html/myphone/lib/Cake/Routing/Dispatcher.php(104): Controller->invokeAction(Object(CakeRequest))
#1 /home/jitendra/public_html/myphone/lib/Cake/Routing/Dispatcher.php(86): Dispatcher->_invoke(Object(UsersController), Object(CakeRequest), Object(CakeResponse))
#2 /home/jitendra/public_html/myphone/app/webroot/index.php(96): Dispatcher->dispatch(Object(CakeRequest), Object(CakeResponse))
#3 {main}
2012-03-06 17:59:48 Error: [MissingActionException] Action UsersController::login() could not be found.
#0 /home/jitendra/public_html/myphone/lib/Cake/Routing/Dispatcher.php(104): Controller->invokeAction(Object(CakeRequest))
#1 /home/jitendra/public_html/myphone/lib/Cake/Routing/Dispatcher.php(86): Dispatcher->_invoke(Object(UsersController), Object(CakeRequest), Object(CakeResponse))
#2 /home/jitendra/public_html/myphone/app/webroot/index.php(96): Dispatcher->dispatch(Object(CakeRequest), Object(CakeResponse))
#3 {main}
2012-03-06 18:01:36 Error: [MissingActionException] Action UsersController::login() could not be found.
#0 /home/jitendra/public_html/myphone/lib/Cake/Routing/Dispatcher.php(104): Controller->invokeAction(Object(CakeRequest))
#1 /home/jitendra/public_html/myphone/lib/Cake/Routing/Dispatcher.php(86): Dispatcher->_invoke(Object(UsersController), Object(CakeRequest), Object(CakeResponse))
#2 /home/jitendra/public_html/myphone/app/webroot/index.php(96): Dispatcher->dispatch(Object(CakeRequest), Object(CakeResponse))
#3 {main}
2012-03-06 18:09:33 Error: [MissingActionException] Action UsersController::login() could not be found.
#0 /home/jitendra/public_html/myphone/lib/Cake/Routing/Dispatcher.php(104): Controller->invokeAction(Object(CakeRequest))
#1 /home/jitendra/public_html/myphone/lib/Cake/Routing/Dispatcher.php(86): Dispatcher->_invoke(Object(UsersController), Object(CakeRequest), Object(CakeResponse))
#2 /home/jitendra/public_html/myphone/app/webroot/index.php(96): Dispatcher->dispatch(Object(CakeRequest), Object(CakeResponse))
#3 {main}
2012-03-06 18:13:10 Error: [MissingViewException] View file "/home/jitendra/public_html/myphone/app/View/Users/logout.ctp" is missing.
#0 /home/jitendra/public_html/myphone/lib/Cake/View/View.php(360): View->_getViewFileName(NULL)
#1 /home/jitendra/public_html/myphone/lib/Cake/Controller/Controller.php(900): View->render(NULL, NULL)
#2 /home/jitendra/public_html/myphone/lib/Cake/Routing/Dispatcher.php(111): Controller->render()
#3 /home/jitendra/public_html/myphone/lib/Cake/Routing/Dispatcher.php(86): Dispatcher->_invoke(Object(UsersController), Object(CakeRequest), Object(CakeResponse))
#4 /home/jitendra/public_html/myphone/app/webroot/index.php(96): Dispatcher->dispatch(Object(CakeRequest), Object(CakeResponse))
#5 {main}
2012-03-06 18:25:57 Error: [MissingViewException] View file "/home/jitendra/public_html/myphone/app/View/Users/logout.ctp" is missing.
#0 /home/jitendra/public_html/myphone/lib/Cake/View/View.php(360): View->_getViewFileName(NULL)
#1 /home/jitendra/public_html/myphone/lib/Cake/Controller/Controller.php(900): View->render(NULL, NULL)
#2 /home/jitendra/public_html/myphone/lib/Cake/Routing/Dispatcher.php(111): Controller->render()
#3 /home/jitendra/public_html/myphone/lib/Cake/Routing/Dispatcher.php(86): Dispatcher->_invoke(Object(UsersController), Object(CakeRequest), Object(CakeResponse))
#4 /home/jitendra/public_html/myphone/app/webroot/index.php(96): Dispatcher->dispatch(Object(CakeRequest), Object(CakeResponse))
#5 {main}
2012-03-06 18:27:03 Error: [MissingViewException] View file "/home/jitendra/public_html/myphone/app/View/Users/logout.ctp" is missing.
#0 /home/jitendra/public_html/myphone/lib/Cake/View/View.php(360): View->_getViewFileName(NULL)
#1 /home/jitendra/public_html/myphone/lib/Cake/Controller/Controller.php(900): View->render(NULL, NULL)
#2 /home/jitendra/public_html/myphone/lib/Cake/Routing/Dispatcher.php(111): Controller->render()
#3 /home/jitendra/public_html/myphone/lib/Cake/Routing/Dispatcher.php(86): Dispatcher->_invoke(Object(UsersController), Object(CakeRequest), Object(CakeResponse))
#4 /home/jitendra/public_html/myphone/app/webroot/index.php(96): Dispatcher->dispatch(Object(CakeRequest), Object(CakeResponse))
#5 {main}
2012-03-07 09:53:01 Error: [MissingControllerException] Controller class LogoutController could not be found.
#0 /home/jitendra/public_html/myphone/app/webroot/index.php(96): Dispatcher->dispatch(Object(CakeRequest), Object(CakeResponse))
#1 {main}
2012-03-07 10:02:37 Error: [MissingControllerException] Controller class HomesControllerController could not be found.
#0 /home/jitendra/public_html/myphone/app/webroot/index.php(96): Dispatcher->dispatch(Object(CakeRequest), Object(CakeResponse))
#1 {main}
2012-03-07 10:03:31 Error: [MissingControllerException] Controller class HomesController could not be found.
#0 /home/jitendra/public_html/myphone/app/webroot/index.php(96): Dispatcher->dispatch(Object(CakeRequest), Object(CakeResponse))
#1 {main}
2012-03-07 10:03:49 Error: [MissingControllerException] Controller class HomesController could not be found.
#0 /home/jitendra/public_html/myphone/app/webroot/index.php(96): Dispatcher->dispatch(Object(CakeRequest), Object(CakeResponse))
#1 {main}
2012-03-07 10:04:03 Error: [MissingControllerException] Controller class HomesController could not be found.
#0 /home/jitendra/public_html/myphone/app/webroot/index.php(96): Dispatcher->dispatch(Object(CakeRequest), Object(CakeResponse))
#1 {main}
2012-03-07 12:19:59 Error: [MissingActionException] Action UsersController::Create() could not be found.
#0 /home/jitendra/public_html/myphone/lib/Cake/Routing/Dispatcher.php(104): Controller->invokeAction(Object(CakeRequest))
#1 /home/jitendra/public_html/myphone/lib/Cake/Routing/Dispatcher.php(86): Dispatcher->_invoke(Object(UsersController), Object(CakeRequest), Object(CakeResponse))
#2 /home/jitendra/public_html/myphone/app/webroot/index.php(96): Dispatcher->dispatch(Object(CakeRequest), Object(CakeResponse))
#3 {main}
2012-03-07 12:28:21 Error: [MissingControllerException] Controller class ImgController could not be found.
#0 /home/jitendra/public_html/myphone/app/webroot/index.php(96): Dispatcher->dispatch(Object(CakeRequest), Object(CakeResponse))
#1 {main}
2012-03-07 12:28:41 Error: [MissingControllerException] Controller class ImgController could not be found.
#0 /home/jitendra/public_html/myphone/app/webroot/index.php(96): Dispatcher->dispatch(Object(CakeRequest), Object(CakeResponse))
#1 {main}
2012-03-07 12:29:21 Error: [MissingControllerException] Controller class RecipesController could not be found.
#0 /home/jitendra/public_html/myphone/app/webroot/index.php(96): Dispatcher->dispatch(Object(CakeRequest), Object(CakeResponse))
#1 {main}
2012-03-07 13:18:33 Error: [MissingActionException] Action UsersController::login%5D() could not be found.
#0 /home/jitendra/public_html/myphone/lib/Cake/Routing/Dispatcher.php(104): Controller->invokeAction(Object(CakeRequest))
#1 /home/jitendra/public_html/myphone/lib/Cake/Routing/Dispatcher.php(86): Dispatcher->_invoke(Object(UsersController), Object(CakeRequest), Object(CakeResponse))
#2 /home/jitendra/public_html/myphone/app/webroot/index.php(96): Dispatcher->dispatch(Object(CakeRequest), Object(CakeResponse))
#3 {main}
2012-03-07 14:54:03 Error: [MissingActionException] Action UsersController::ajax() could not be found.
#0 /home/jitendra/public_html/myphone/lib/Cake/Routing/Dispatcher.php(104): Controller->invokeAction(Object(CakeRequest))
#1 /home/jitendra/public_html/myphone/lib/Cake/Routing/Dispatcher.php(86): Dispatcher->_invoke(Object(UsersController), Object(CakeRequest), Object(CakeResponse))
#2 /home/jitendra/public_html/myphone/app/webroot/index.php(96): Dispatcher->dispatch(Object(CakeRequest), Object(CakeResponse))
#3 {main}
2012-03-07 14:57:26 Error: [MissingActionException] Action UsersController::register() could not be found.
#0 /home/jitendra/public_html/myphone/lib/Cake/Routing/Dispatcher.php(104): Controller->invokeAction(Object(CakeRequest))
#1 /home/jitendra/public_html/myphone/lib/Cake/Routing/Dispatcher.php(86): Dispatcher->_invoke(Object(UsersController), Object(CakeRequest), Object(CakeResponse))
#2 /home/jitendra/public_html/myphone/app/webroot/index.php(96): Dispatcher->dispatch(Object(CakeRequest), Object(CakeResponse))
#3 {main}
2012-03-07 14:58:12 Error: [MissingActionException] Action UsersController::register() could not be found.
#0 /home/jitendra/public_html/myphone/lib/Cake/Routing/Dispatcher.php(104): Controller->invokeAction(Object(CakeRequest))
#1 /home/jitendra/public_html/myphone/lib/Cake/Routing/Dispatcher.php(86): Dispatcher->_invoke(Object(UsersController), Object(CakeRequest), Object(CakeResponse))
#2 /home/jitendra/public_html/myphone/app/webroot/index.php(96): Dispatcher->dispatch(Object(CakeRequest), Object(CakeResponse))
#3 {main}
2012-03-07 15:01:04 Error: [MissingActionException] Action UsersController::register() could not be found.
#0 /home/jitendra/public_html/myphone/lib/Cake/Routing/Dispatcher.php(104): Controller->invokeAction(Object(CakeRequest))
#1 /home/jitendra/public_html/myphone/lib/Cake/Routing/Dispatcher.php(86): Dispatcher->_invoke(Object(UsersController), Object(CakeRequest), Object(CakeResponse))
#2 /home/jitendra/public_html/myphone/app/webroot/index.php(96): Dispatcher->dispatch(Object(CakeRequest), Object(CakeResponse))
#3 {main}
2012-03-07 15:19:31 Error: [MissingActionException] Action UsersController::users() could not be found.
#0 /home/jitendra/public_html/myphone/lib/Cake/Routing/Dispatcher.php(104): Controller->invokeAction(Object(CakeRequest))
#1 /home/jitendra/public_html/myphone/lib/Cake/Routing/Dispatcher.php(86): Dispatcher->_invoke(Object(UsersController), Object(CakeRequest), Object(CakeResponse))
#2 /home/jitendra/public_html/myphone/app/webroot/index.php(96): Dispatcher->dispatch(Object(CakeRequest), Object(CakeResponse))
#3 {main}
2012-03-07 15:28:31 Error: [MissingViewException] View file "/home/jitendra/public_html/myphone/app/View/Users/register.ctp" is missing.
#0 /home/jitendra/public_html/myphone/lib/Cake/View/View.php(360): View->_getViewFileName(NULL)
#1 /home/jitendra/public_html/myphone/lib/Cake/Controller/Controller.php(900): View->render(NULL, NULL)
#2 /home/jitendra/public_html/myphone/lib/Cake/Routing/Dispatcher.php(111): Controller->render()
#3 /home/jitendra/public_html/myphone/lib/Cake/Routing/Dispatcher.php(86): Dispatcher->_invoke(Object(UsersController), Object(CakeRequest), Object(CakeResponse))
#4 /home/jitendra/public_html/myphone/app/webroot/index.php(96): Dispatcher->dispatch(Object(CakeRequest), Object(CakeResponse))
#5 {main}
2012-03-07 15:45:04 Error: [PDOException] SQLSTATE[42000]: Syntax error or access violation: 1064 You have an error in your SQL syntax; check the manual that corresponds to your MySQL server version for the right syntax to use near 'save1' at line 1
#0 /home/jitendra/public_html/myphone/lib/Cake/Model/Datasource/DboSource.php(436): PDOStatement->execute(Array)
#1 /home/jitendra/public_html/myphone/lib/Cake/Model/Datasource/DboSource.php(403): DboSource->_execute('save1', Array)
#2 /home/jitendra/public_html/myphone/lib/Cake/Model/Datasource/DboSource.php(647): DboSource->execute('save1', Array, Array)
#3 /home/jitendra/public_html/myphone/lib/Cake/Model/Datasource/DboSource.php(589): DboSource->fetchAll('save1', Array, Array)
#4 /home/jitendra/public_html/myphone/lib/Cake/Model/Model.php(720): DboSource->query('save1', Array, Object(User))
#5 /home/jitendra/public_html/myphone/app/Controller/UsersController.php(136): Model->__call('save1', Array)
#6 /home/jitendra/public_html/myphone/app/Controller/UsersController.php(136): User->save1(Array)
#7 [internal function]: UsersController->register()
#8 /home/jitendra/public_html/myphone/lib/Cake/Controller/Controller.php(473): ReflectionMethod->invokeArgs(Object(UsersController), Array)
#9 /home/jitendra/public_html/myphone/lib/Cake/Routing/Dispatcher.php(104): Controller->invokeAction(Object(CakeRequest))
#10 /home/jitendra/public_html/myphone/lib/Cake/Routing/Dispatcher.php(86): Dispatcher->_invoke(Object(UsersController), Object(CakeRequest), Object(CakeResponse))
#11 /home/jitendra/public_html/myphone/app/webroot/index.php(96): Dispatcher->dispatch(Object(CakeRequest), Object(CakeResponse))
#12 {main}
2012-03-07 16:07:03 Error: [MissingControllerException] Controller class ContactController could not be found.
#0 /home/jitendra/public_html/myphone/app/webroot/index.php(96): Dispatcher->dispatch(Object(CakeRequest), Object(CakeResponse))
#1 {main}
2012-03-07 16:21:47 Error: [MissingControllerException] Controller class RegisterController could not be found.
#0 /home/jitendra/public_html/myphone/app/webroot/index.php(96): Dispatcher->dispatch(Object(CakeRequest), Object(CakeResponse))
#1 {main}
2012-03-07 16:21:52 Error: [MissingControllerException] Controller class RegisterController could not be found.
#0 /home/jitendra/public_html/myphone/app/webroot/index.php(96): Dispatcher->dispatch(Object(CakeRequest), Object(CakeResponse))
#1 {main}
2012-03-07 16:21:55 Error: [MissingControllerException] Controller class RegisterController could not be found.
#0 /home/jitendra/public_html/myphone/app/webroot/index.php(96): Dispatcher->dispatch(Object(CakeRequest), Object(CakeResponse))
#1 {main}
2012-03-07 16:21:57 Error: [MissingControllerException] Controller class RegisterController could not be found.
#0 /home/jitendra/public_html/myphone/app/webroot/index.php(96): Dispatcher->dispatch(Object(CakeRequest), Object(CakeResponse))
#1 {main}
2012-03-12 11:03:32 Error: [MissingControllerException] Controller class CssController could not be found.
#0 /home/jitendra/public_html/myphone/app/webroot/index.php(96): Dispatcher->dispatch(Object(CakeRequest), Object(CakeResponse))
#1 {main}
2012-03-12 11:09:48 Error: [MissingControllerException] Controller class CssController could not be found.
#0 /home/jitendra/public_html/myphone/app/webroot/index.php(96): Dispatcher->dispatch(Object(CakeRequest), Object(CakeResponse))
#1 {main}
2012-03-12 11:09:48 Error: [MissingControllerException] Controller class CssController could not be found.
#0 /home/jitendra/public_html/myphone/app/webroot/index.php(96): Dispatcher->dispatch(Object(CakeRequest), Object(CakeResponse))
#1 {main}
2012-03-12 11:10:11 Error: [MissingControllerException] Controller class CssController could not be found.
#0 /home/jitendra/public_html/myphone/app/webroot/index.php(96): Dispatcher->dispatch(Object(CakeRequest), Object(CakeResponse))
#1 {main}
2012-03-12 11:10:12 Error: [MissingControllerException] Controller class CssController could not be found.
#0 /home/jitendra/public_html/myphone/app/webroot/index.php(96): Dispatcher->dispatch(Object(CakeRequest), Object(CakeResponse))
#1 {main}
2012-03-12 11:11:12 Error: [MissingControllerException] Controller class CssController could not be found.
#0 /home/jitendra/public_html/myphone/app/webroot/index.php(96): Dispatcher->dispatch(Object(CakeRequest), Object(CakeResponse))
#1 {main}
2012-03-12 11:37:58 Error: [MissingControllerException] Controller class CssController could not be found.
#0 /home/jitendra/public_html/myphone/app/webroot/index.php(96): Dispatcher->dispatch(Object(CakeRequest), Object(CakeResponse))
#1 {main}
2012-03-12 11:37:59 Error: [MissingControllerException] Controller class CssController could not be found.
#0 /home/jitendra/public_html/myphone/app/webroot/index.php(96): Dispatcher->dispatch(Object(CakeRequest), Object(CakeResponse))
#1 {main}
2012-03-12 12:04:50 Error: [MissingControllerException] Controller class JsController could not be found.
#0 /home/jitendra/public_html/myphone/app/webroot/index.php(96): Dispatcher->dispatch(Object(CakeRequest), Object(CakeResponse))
#1 {main}
2012-03-12 12:04:52 Error: [MissingControllerException] Controller class JsController could not be found.
#0 /home/jitendra/public_html/myphone/app/webroot/index.php(96): Dispatcher->dispatch(Object(CakeRequest), Object(CakeResponse))
#1 {main}
2012-03-12 12:05:00 Error: [MissingControllerException] Controller class JsController could not be found.
#0 /home/jitendra/public_html/myphone/app/webroot/index.php(96): Dispatcher->dispatch(Object(CakeRequest), Object(CakeResponse))
#1 {main}
2012-03-12 12:05:06 Error: [MissingControllerException] Controller class JsController could not be found.
#0 /home/jitendra/public_html/myphone/app/webroot/index.php(96): Dispatcher->dispatch(Object(CakeRequest), Object(CakeResponse))
#1 {main}
2012-03-12 14:45:36 Warning: Warning (2): Invalid argument supplied for foreach() in [/home/jitendra/public_html/myphone/app/View/Homes/export.ctp, line 10]
Trace:
include - APP/View/Homes/export.ctp, line 10
View::_render() - CORE/Cake/View/View.php, line 595
View::render() - CORE/Cake/View/View.php, line 362
Controller::render() - CORE/Cake/Controller/Controller.php, line 900
Dispatcher::_invoke() - CORE/Cake/Routing/Dispatcher.php, line 111
Dispatcher::dispatch() - CORE/Cake/Routing/Dispatcher.php, line 86
[main] - APP/webroot/index.php, line 96

2012-03-12 14:45:36 Warning: Warning (2): implode() [http://php.net/function.implode]: Invalid arguments passed in [/home/jitendra/public_html/myphone/app/View/Homes/export.ctp, line 13]
Trace:
implode - [internal], line ??
include - APP/View/Homes/export.ctp, line 13
View::_render() - CORE/Cake/View/View.php, line 595
View::render() - CORE/Cake/View/View.php, line 362
Controller::render() - CORE/Cake/Controller/Controller.php, line 900
Dispatcher::_invoke() - CORE/Cake/Routing/Dispatcher.php, line 111
Dispatcher::dispatch() - CORE/Cake/Routing/Dispatcher.php, line 86
[main] - APP/webroot/index.php, line 96

2012-03-12 14:45:36 Warning: Warning (2): Invalid argument supplied for foreach() in [/home/jitendra/public_html/myphone/app/View/Homes/export.ctp, line 10]
Trace:
include - APP/View/Homes/export.ctp, line 10
View::_render() - CORE/Cake/View/View.php, line 595
View::render() - CORE/Cake/View/View.php, line 362
Controller::render() - CORE/Cake/Controller/Controller.php, line 900
Dispatcher::_invoke() - CORE/Cake/Routing/Dispatcher.php, line 111
Dispatcher::dispatch() - CORE/Cake/Routing/Dispatcher.php, line 86
[main] - APP/webroot/index.php, line 96

2012-03-12 14:45:36 Warning: Warning (2): implode() [http://php.net/function.implode]: Invalid arguments passed in [/home/jitendra/public_html/myphone/app/View/Homes/export.ctp, line 13]
Trace:
implode - [internal], line ??
include - APP/View/Homes/export.ctp, line 13
View::_render() - CORE/Cake/View/View.php, line 595
View::render() - CORE/Cake/View/View.php, line 362
Controller::render() - CORE/Cake/Controller/Controller.php, line 900
Dispatcher::_invoke() - CORE/Cake/Routing/Dispatcher.php, line 111
Dispatcher::dispatch() - CORE/Cake/Routing/Dispatcher.php, line 86
[main] - APP/webroot/index.php, line 96

2012-03-12 14:45:36 Warning: Warning (2): Invalid argument supplied for foreach() in [/home/jitendra/public_html/myphone/app/View/Homes/export.ctp, line 10]
Trace:
include - APP/View/Homes/export.ctp, line 10
View::_render() - CORE/Cake/View/View.php, line 595
View::render() - CORE/Cake/View/View.php, line 362
Controller::render() - CORE/Cake/Controller/Controller.php, line 900
Dispatcher::_invoke() - CORE/Cake/Routing/Dispatcher.php, line 111
Dispatcher::dispatch() - CORE/Cake/Routing/Dispatcher.php, line 86
[main] - APP/webroot/index.php, line 96

2012-03-12 14:45:36 Warning: Warning (2): implode() [http://php.net/function.implode]: Invalid arguments passed in [/home/jitendra/public_html/myphone/app/View/Homes/export.ctp, line 13]
Trace:
implode - [internal], line ??
include - APP/View/Homes/export.ctp, line 13
View::_render() - CORE/Cake/View/View.php, line 595
View::render() - CORE/Cake/View/View.php, line 362
Controller::render() - CORE/Cake/Controller/Controller.php, line 900
Dispatcher::_invoke() - CORE/Cake/Routing/Dispatcher.php, line 111
Dispatcher::dispatch() - CORE/Cake/Routing/Dispatcher.php, line 86
[main] - APP/webroot/index.php, line 96

2012-03-12 14:45:36 Warning: Warning (2): Invalid argument supplied for foreach() in [/home/jitendra/public_html/myphone/app/View/Homes/export.ctp, line 10]
Trace:
include - APP/View/Homes/export.ctp, line 10
View::_render() - CORE/Cake/View/View.php, line 595
View::render() - CORE/Cake/View/View.php, line 362
Controller::render() - CORE/Cake/Controller/Controller.php, line 900
Dispatcher::_invoke() - CORE/Cake/Routing/Dispatcher.php, line 111
Dispatcher::dispatch() - CORE/Cake/Routing/Dispatcher.php, line 86
[main] - APP/webroot/index.php, line 96

2012-03-12 14:45:36 Warning: Warning (2): implode() [http://php.net/function.implode]: Invalid arguments passed in [/home/jitendra/public_html/myphone/app/View/Homes/export.ctp, line 13]
Trace:
implode - [internal], line ??
include - APP/View/Homes/export.ctp, line 13
View::_render() - CORE/Cake/View/View.php, line 595
View::render() - CORE/Cake/View/View.php, line 362
Controller::render() - CORE/Cake/Controller/Controller.php, line 900
Dispatcher::_invoke() - CORE/Cake/Routing/Dispatcher.php, line 111
Dispatcher::dispatch() - CORE/Cake/Routing/Dispatcher.php, line 86
[main] - APP/webroot/index.php, line 96

2012-03-12 14:45:36 Warning: Warning (2): Invalid argument supplied for foreach() in [/home/jitendra/public_html/myphone/app/View/Homes/export.ctp, line 10]
Trace:
include - APP/View/Homes/export.ctp, line 10
View::_render() - CORE/Cake/View/View.php, line 595
View::render() - CORE/Cake/View/View.php, line 362
Controller::render() - CORE/Cake/Controller/Controller.php, line 900
Dispatcher::_invoke() - CORE/Cake/Routing/Dispatcher.php, line 111
Dispatcher::dispatch() - CORE/Cake/Routing/Dispatcher.php, line 86
[main] - APP/webroot/index.php, line 96

2012-03-12 14:45:36 Warning: Warning (2): implode() [http://php.net/function.implode]: Invalid arguments passed in [/home/jitendra/public_html/myphone/app/View/Homes/export.ctp, line 13]
Trace:
implode - [internal], line ??
include - APP/View/Homes/export.ctp, line 13
View::_render() - CORE/Cake/View/View.php, line 595
View::render() - CORE/Cake/View/View.php, line 362
Controller::render() - CORE/Cake/Controller/Controller.php, line 900
Dispatcher::_invoke() - CORE/Cake/Routing/Dispatcher.php, line 111
Dispatcher::dispatch() - CORE/Cake/Routing/Dispatcher.php, line 86
[main] - APP/webroot/index.php, line 96

2012-03-12 14:45:36 Warning: Warning (2): Invalid argument supplied for foreach() in [/home/jitendra/public_html/myphone/app/View/Homes/export.ctp, line 10]
Trace:
include - APP/View/Homes/export.ctp, line 10
View::_render() - CORE/Cake/View/View.php, line 595
View::render() - CORE/Cake/View/View.php, line 362
Controller::render() - CORE/Cake/Controller/Controller.php, line 900
Dispatcher::_invoke() - CORE/Cake/Routing/Dispatcher.php, line 111
Dispatcher::dispatch() - CORE/Cake/Routing/Dispatcher.php, line 86
[main] - APP/webroot/index.php, line 96

2012-03-12 14:45:36 Warning: Warning (2): implode() [http://php.net/function.implode]: Invalid arguments passed in [/home/jitendra/public_html/myphone/app/View/Homes/export.ctp, line 13]
Trace:
implode - [internal], line ??
include - APP/View/Homes/export.ctp, line 13
View::_render() - CORE/Cake/View/View.php, line 595
View::render() - CORE/Cake/View/View.php, line 362
Controller::render() - CORE/Cake/Controller/Controller.php, line 900
Dispatcher::_invoke() - CORE/Cake/Routing/Dispatcher.php, line 111
Dispatcher::dispatch() - CORE/Cake/Routing/Dispatcher.php, line 86
[main] - APP/webroot/index.php, line 96

2012-03-12 14:45:36 Warning: Warning (2): Invalid argument supplied for foreach() in [/home/jitendra/public_html/myphone/app/View/Homes/export.ctp, line 10]
Trace:
include - APP/View/Homes/export.ctp, line 10
View::_render() - CORE/Cake/View/View.php, line 595
View::render() - CORE/Cake/View/View.php, line 362
Controller::render() - CORE/Cake/Controller/Controller.php, line 900
Dispatcher::_invoke() - CORE/Cake/Routing/Dispatcher.php, line 111
Dispatcher::dispatch() - CORE/Cake/Routing/Dispatcher.php, line 86
[main] - APP/webroot/index.php, line 96

2012-03-12 14:45:36 Warning: Warning (2): implode() [http://php.net/function.implode]: Invalid arguments passed in [/home/jitendra/public_html/myphone/app/View/Homes/export.ctp, line 13]
Trace:
implode - [internal], line ??
include - APP/View/Homes/export.ctp, line 13
View::_render() - CORE/Cake/View/View.php, line 595
View::render() - CORE/Cake/View/View.php, line 362
Controller::render() - CORE/Cake/Controller/Controller.php, line 900
Dispatcher::_invoke() - CORE/Cake/Routing/Dispatcher.php, line 111
Dispatcher::dispatch() - CORE/Cake/Routing/Dispatcher.php, line 86
[main] - APP/webroot/index.php, line 96

2012-03-12 14:45:36 Warning: Warning (2): Invalid argument supplied for foreach() in [/home/jitendra/public_html/myphone/app/View/Homes/export.ctp, line 10]
Trace:
include - APP/View/Homes/export.ctp, line 10
View::_render() - CORE/Cake/View/View.php, line 595
View::render() - CORE/Cake/View/View.php, line 362
Controller::render() - CORE/Cake/Controller/Controller.php, line 900
Dispatcher::_invoke() - CORE/Cake/Routing/Dispatcher.php, line 111
Dispatcher::dispatch() - CORE/Cake/Routing/Dispatcher.php, line 86
[main] - APP/webroot/index.php, line 96

2012-03-12 14:45:36 Warning: Warning (2): implode() [http://php.net/function.implode]: Invalid arguments passed in [/home/jitendra/public_html/myphone/app/View/Homes/export.ctp, line 13]
Trace:
implode - [internal], line ??
include - APP/View/Homes/export.ctp, line 13
View::_render() - CORE/Cake/View/View.php, line 595
View::render() - CORE/Cake/View/View.php, line 362
Controller::render() - CORE/Cake/Controller/Controller.php, line 900
Dispatcher::_invoke() - CORE/Cake/Routing/Dispatcher.php, line 111
Dispatcher::dispatch() - CORE/Cake/Routing/Dispatcher.php, line 86
[main] - APP/webroot/index.php, line 96

2012-03-12 14:58:44 Error: [MissingViewException] View file "/home/jitendra/public_html/myphone/app/View/Homes/export.ctp" is missing.
#0 /home/jitendra/public_html/myphone/lib/Cake/View/View.php(360): View->_getViewFileName(NULL)
#1 /home/jitendra/public_html/myphone/lib/Cake/Controller/Controller.php(900): View->render(NULL, NULL)
#2 /home/jitendra/public_html/myphone/lib/Cake/Routing/Dispatcher.php(111): Controller->render()
#3 /home/jitendra/public_html/myphone/lib/Cake/Routing/Dispatcher.php(86): Dispatcher->_invoke(Object(HomesController), Object(CakeRequest), Object(CakeResponse))
#4 /home/jitendra/public_html/myphone/app/webroot/index.php(96): Dispatcher->dispatch(Object(CakeRequest), Object(CakeResponse))
#5 {main}
2012-03-12 15:00:18 Error: [MissingViewException] View file "/home/jitendra/public_html/myphone/app/View/Homes/export.ctp" is missing.
#0 /home/jitendra/public_html/myphone/lib/Cake/View/View.php(360): View->_getViewFileName(NULL)
#1 /home/jitendra/public_html/myphone/lib/Cake/Controller/Controller.php(900): View->render(NULL, NULL)
#2 /home/jitendra/public_html/myphone/lib/Cake/Routing/Dispatcher.php(111): Controller->render()
#3 /home/jitendra/public_html/myphone/lib/Cake/Routing/Dispatcher.php(86): Dispatcher->_invoke(Object(HomesController), Object(CakeRequest), Object(CakeResponse))
#4 /home/jitendra/public_html/myphone/app/webroot/index.php(96): Dispatcher->dispatch(Object(CakeRequest), Object(CakeResponse))
#5 {main}
2012-03-12 15:01:08 Error: [MissingViewException] View file "/home/jitendra/public_html/myphone/app/View/Homes/export.ctp" is missing.
#0 /home/jitendra/public_html/myphone/lib/Cake/View/View.php(360): View->_getViewFileName(NULL)
#1 /home/jitendra/public_html/myphone/lib/Cake/Controller/Controller.php(900): View->render(NULL, NULL)
#2 /home/jitendra/public_html/myphone/lib/Cake/Routing/Dispatcher.php(111): Controller->render()
#3 /home/jitendra/public_html/myphone/lib/Cake/Routing/Dispatcher.php(86): Dispatcher->_invoke(Object(HomesController), Object(CakeRequest), Object(CakeResponse))
#4 /home/jitendra/public_html/myphone/app/webroot/index.php(96): Dispatcher->dispatch(Object(CakeRequest), Object(CakeResponse))
#5 {main}
2012-03-12 15:10:08 Warning: Warning (2): Invalid argument supplied for foreach() in [/home/jitendra/public_html/myphone/app/View/Homes/csv/export.ctp, line 10]
Trace:
include - APP/View/Homes/csv/export.ctp, line 10
View::_render() - CORE/Cake/View/View.php, line 595
View::render() - CORE/Cake/View/View.php, line 362
Controller::render() - CORE/Cake/Controller/Controller.php, line 900
Dispatcher::_invoke() - CORE/Cake/Routing/Dispatcher.php, line 111
Dispatcher::dispatch() - CORE/Cake/Routing/Dispatcher.php, line 86
[main] - APP/webroot/index.php, line 96

2012-03-12 15:10:08 Warning: Warning (2): implode() [http://php.net/function.implode]: Invalid arguments passed in [/home/jitendra/public_html/myphone/app/View/Homes/csv/export.ctp, line 13]
Trace:
implode - [internal], line ??
include - APP/View/Homes/csv/export.ctp, line 13
View::_render() - CORE/Cake/View/View.php, line 595
View::render() - CORE/Cake/View/View.php, line 362
Controller::render() - CORE/Cake/Controller/Controller.php, line 900
Dispatcher::_invoke() - CORE/Cake/Routing/Dispatcher.php, line 111
Dispatcher::dispatch() - CORE/Cake/Routing/Dispatcher.php, line 86
[main] - APP/webroot/index.php, line 96

2012-03-12 15:10:08 Warning: Warning (2): Invalid argument supplied for foreach() in [/home/jitendra/public_html/myphone/app/View/Homes/csv/export.ctp, line 10]
Trace:
include - APP/View/Homes/csv/export.ctp, line 10
View::_render() - CORE/Cake/View/View.php, line 595
View::render() - CORE/Cake/View/View.php, line 362
Controller::render() - CORE/Cake/Controller/Controller.php, line 900
Dispatcher::_invoke() - CORE/Cake/Routing/Dispatcher.php, line 111
Dispatcher::dispatch() - CORE/Cake/Routing/Dispatcher.php, line 86
[main] - APP/webroot/index.php, line 96

2012-03-12 15:10:08 Warning: Warning (2): implode() [http://php.net/function.implode]: Invalid arguments passed in [/home/jitendra/public_html/myphone/app/View/Homes/csv/export.ctp, line 13]
Trace:
implode - [internal], line ??
include - APP/View/Homes/csv/export.ctp, line 13
View::_render() - CORE/Cake/View/View.php, line 595
View::render() - CORE/Cake/View/View.php, line 362
Controller::render() - CORE/Cake/Controller/Controller.php, line 900
Dispatcher::_invoke() - CORE/Cake/Routing/Dispatcher.php, line 111
Dispatcher::dispatch() - CORE/Cake/Routing/Dispatcher.php, line 86
[main] - APP/webroot/index.php, line 96

2012-03-12 15:10:08 Warning: Warning (2): Invalid argument supplied for foreach() in [/home/jitendra/public_html/myphone/app/View/Homes/csv/export.ctp, line 10]
Trace:
include - APP/View/Homes/csv/export.ctp, line 10
View::_render() - CORE/Cake/View/View.php, line 595
View::render() - CORE/Cake/View/View.php, line 362
Controller::render() - CORE/Cake/Controller/Controller.php, line 900
Dispatcher::_invoke() - CORE/Cake/Routing/Dispatcher.php, line 111
Dispatcher::dispatch() - CORE/Cake/Routing/Dispatcher.php, line 86
[main] - APP/webroot/index.php, line 96

2012-03-12 15:10:08 Warning: Warning (2): implode() [http://php.net/function.implode]: Invalid arguments passed in [/home/jitendra/public_html/myphone/app/View/Homes/csv/export.ctp, line 13]
Trace:
implode - [internal], line ??
include - APP/View/Homes/csv/export.ctp, line 13
View::_render() - CORE/Cake/View/View.php, line 595
View::render() - CORE/Cake/View/View.php, line 362
Controller::render() - CORE/Cake/Controller/Controller.php, line 900
Dispatcher::_invoke() - CORE/Cake/Routing/Dispatcher.php, line 111
Dispatcher::dispatch() - CORE/Cake/Routing/Dispatcher.php, line 86
[main] - APP/webroot/index.php, line 96

2012-03-12 15:10:08 Warning: Warning (2): Invalid argument supplied for foreach() in [/home/jitendra/public_html/myphone/app/View/Homes/csv/export.ctp, line 10]
Trace:
include - APP/View/Homes/csv/export.ctp, line 10
View::_render() - CORE/Cake/View/View.php, line 595
View::render() - CORE/Cake/View/View.php, line 362
Controller::render() - CORE/Cake/Controller/Controller.php, line 900
Dispatcher::_invoke() - CORE/Cake/Routing/Dispatcher.php, line 111
Dispatcher::dispatch() - CORE/Cake/Routing/Dispatcher.php, line 86
[main] - APP/webroot/index.php, line 96

2012-03-12 15:10:08 Warning: Warning (2): implode() [http://php.net/function.implode]: Invalid arguments passed in [/home/jitendra/public_html/myphone/app/View/Homes/csv/export.ctp, line 13]
Trace:
implode - [internal], line ??
include - APP/View/Homes/csv/export.ctp, line 13
View::_render() - CORE/Cake/View/View.php, line 595
View::render() - CORE/Cake/View/View.php, line 362
Controller::render() - CORE/Cake/Controller/Controller.php, line 900
Dispatcher::_invoke() - CORE/Cake/Routing/Dispatcher.php, line 111
Dispatcher::dispatch() - CORE/Cake/Routing/Dispatcher.php, line 86
[main] - APP/webroot/index.php, line 96

2012-03-12 15:10:08 Warning: Warning (2): Invalid argument supplied for foreach() in [/home/jitendra/public_html/myphone/app/View/Homes/csv/export.ctp, line 10]
Trace:
include - APP/View/Homes/csv/export.ctp, line 10
View::_render() - CORE/Cake/View/View.php, line 595
View::render() - CORE/Cake/View/View.php, line 362
Controller::render() - CORE/Cake/Controller/Controller.php, line 900
Dispatcher::_invoke() - CORE/Cake/Routing/Dispatcher.php, line 111
Dispatcher::dispatch() - CORE/Cake/Routing/Dispatcher.php, line 86
[main] - APP/webroot/index.php, line 96

2012-03-12 15:10:08 Warning: Warning (2): implode() [http://php.net/function.implode]: Invalid arguments passed in [/home/jitendra/public_html/myphone/app/View/Homes/csv/export.ctp, line 13]
Trace:
implode - [internal], line ??
include - APP/View/Homes/csv/export.ctp, line 13
View::_render() - CORE/Cake/View/View.php, line 595
View::render() - CORE/Cake/View/View.php, line 362
Controller::render() - CORE/Cake/Controller/Controller.php, line 900
Dispatcher::_invoke() - CORE/Cake/Routing/Dispatcher.php, line 111
Dispatcher::dispatch() - CORE/Cake/Routing/Dispatcher.php, line 86
[main] - APP/webroot/index.php, line 96

2012-03-12 15:10:08 Warning: Warning (2): Invalid argument supplied for foreach() in [/home/jitendra/public_html/myphone/app/View/Homes/csv/export.ctp, line 10]
Trace:
include - APP/View/Homes/csv/export.ctp, line 10
View::_render() - CORE/Cake/View/View.php, line 595
View::render() - CORE/Cake/View/View.php, line 362
Controller::render() - CORE/Cake/Controller/Controller.php, line 900
Dispatcher::_invoke() - CORE/Cake/Routing/Dispatcher.php, line 111
Dispatcher::dispatch() - CORE/Cake/Routing/Dispatcher.php, line 86
[main] - APP/webroot/index.php, line 96

2012-03-12 15:10:08 Warning: Warning (2): implode() [http://php.net/function.implode]: Invalid arguments passed in [/home/jitendra/public_html/myphone/app/View/Homes/csv/export.ctp, line 13]
Trace:
implode - [internal], line ??
include - APP/View/Homes/csv/export.ctp, line 13
View::_render() - CORE/Cake/View/View.php, line 595
View::render() - CORE/Cake/View/View.php, line 362
Controller::render() - CORE/Cake/Controller/Controller.php, line 900
Dispatcher::_invoke() - CORE/Cake/Routing/Dispatcher.php, line 111
Dispatcher::dispatch() - CORE/Cake/Routing/Dispatcher.php, line 86
[main] - APP/webroot/index.php, line 96

2012-03-12 15:10:08 Warning: Warning (2): Invalid argument supplied for foreach() in [/home/jitendra/public_html/myphone/app/View/Homes/csv/export.ctp, line 10]
Trace:
include - APP/View/Homes/csv/export.ctp, line 10
View::_render() - CORE/Cake/View/View.php, line 595
View::render() - CORE/Cake/View/View.php, line 362
Controller::render() - CORE/Cake/Controller/Controller.php, line 900
Dispatcher::_invoke() - CORE/Cake/Routing/Dispatcher.php, line 111
Dispatcher::dispatch() - CORE/Cake/Routing/Dispatcher.php, line 86
[main] - APP/webroot/index.php, line 96

2012-03-12 15:10:08 Warning: Warning (2): implode() [http://php.net/function.implode]: Invalid arguments passed in [/home/jitendra/public_html/myphone/app/View/Homes/csv/export.ctp, line 13]
Trace:
implode - [internal], line ??
include - APP/View/Homes/csv/export.ctp, line 13
View::_render() - CORE/Cake/View/View.php, line 595
View::render() - CORE/Cake/View/View.php, line 362
Controller::render() - CORE/Cake/Controller/Controller.php, line 900
Dispatcher::_invoke() - CORE/Cake/Routing/Dispatcher.php, line 111
Dispatcher::dispatch() - CORE/Cake/Routing/Dispatcher.php, line 86
[main] - APP/webroot/index.php, line 96

2012-03-12 15:10:08 Warning: Warning (2): Invalid argument supplied for foreach() in [/home/jitendra/public_html/myphone/app/View/Homes/csv/export.ctp, line 10]
Trace:
include - APP/View/Homes/csv/export.ctp, line 10
View::_render() - CORE/Cake/View/View.php, line 595
View::render() - CORE/Cake/View/View.php, line 362
Controller::render() - CORE/Cake/Controller/Controller.php, line 900
Dispatcher::_invoke() - CORE/Cake/Routing/Dispatcher.php, line 111
Dispatcher::dispatch() - CORE/Cake/Routing/Dispatcher.php, line 86
[main] - APP/webroot/index.php, line 96

2012-03-12 15:10:08 Warning: Warning (2): implode() [http://php.net/function.implode]: Invalid arguments passed in [/home/jitendra/public_html/myphone/app/View/Homes/csv/export.ctp, line 13]
Trace:
implode - [internal], line ??
include - APP/View/Homes/csv/export.ctp, line 13
View::_render() - CORE/Cake/View/View.php, line 595
View::render() - CORE/Cake/View/View.php, line 362
Controller::render() - CORE/Cake/Controller/Controller.php, line 900
Dispatcher::_invoke() - CORE/Cake/Routing/Dispatcher.php, line 111
Dispatcher::dispatch() - CORE/Cake/Routing/Dispatcher.php, line 86
[main] - APP/webroot/index.php, line 96

2012-03-12 15:10:08 Warning: Warning (2): Invalid argument supplied for foreach() in [/home/jitendra/public_html/myphone/app/View/Homes/csv/export.ctp, line 10]
Trace:
include - APP/View/Homes/csv/export.ctp, line 10
View::_render() - CORE/Cake/View/View.php, line 595
View::render() - CORE/Cake/View/View.php, line 362
Controller::render() - CORE/Cake/Controller/Controller.php, line 900
Dispatcher::_invoke() - CORE/Cake/Routing/Dispatcher.php, line 111
Dispatcher::dispatch() - CORE/Cake/Routing/Dispatcher.php, line 86
[main] - APP/webroot/index.php, line 96

2012-03-12 15:10:08 Warning: Warning (2): implode() [http://php.net/function.implode]: Invalid arguments passed in [/home/jitendra/public_html/myphone/app/View/Homes/csv/export.ctp, line 13]
Trace:
implode - [internal], line ??
include - APP/View/Homes/csv/export.ctp, line 13
View::_render() - CORE/Cake/View/View.php, line 595
View::render() - CORE/Cake/View/View.php, line 362
Controller::render() - CORE/Cake/Controller/Controller.php, line 900
Dispatcher::_invoke() - CORE/Cake/Routing/Dispatcher.php, line 111
Dispatcher::dispatch() - CORE/Cake/Routing/Dispatcher.php, line 86
[main] - APP/webroot/index.php, line 96

2012-03-12 15:20:06 Warning: Warning (2): implode() [http://php.net/function.implode]: Invalid arguments passed in [/home/jitendra/public_html/myphone/app/View/Homes/csv/export.ctp, line 13]
Trace:
implode - [internal], line ??
include - APP/View/Homes/csv/export.ctp, line 13
View::_render() - CORE/Cake/View/View.php, line 595
View::render() - CORE/Cake/View/View.php, line 362
Controller::render() - CORE/Cake/Controller/Controller.php, line 900
Dispatcher::_invoke() - CORE/Cake/Routing/Dispatcher.php, line 111
Dispatcher::dispatch() - CORE/Cake/Routing/Dispatcher.php, line 86
[main] - APP/webroot/index.php, line 96

2012-03-12 15:20:06 Warning: Warning (2): implode() [http://php.net/function.implode]: Invalid arguments passed in [/home/jitendra/public_html/myphone/app/View/Homes/csv/export.ctp, line 13]
Trace:
implode - [internal], line ??
include - APP/View/Homes/csv/export.ctp, line 13
View::_render() - CORE/Cake/View/View.php, line 595
View::render() - CORE/Cake/View/View.php, line 362
Controller::render() - CORE/Cake/Controller/Controller.php, line 900
Dispatcher::_invoke() - CORE/Cake/Routing/Dispatcher.php, line 111
Dispatcher::dispatch() - CORE/Cake/Routing/Dispatcher.php, line 86
[main] - APP/webroot/index.php, line 96

2012-03-12 15:20:06 Warning: Warning (2): implode() [http://php.net/function.implode]: Invalid arguments passed in [/home/jitendra/public_html/myphone/app/View/Homes/csv/export.ctp, line 13]
Trace:
implode - [internal], line ??
include - APP/View/Homes/csv/export.ctp, line 13
View::_render() - CORE/Cake/View/View.php, line 595
View::render() - CORE/Cake/View/View.php, line 362
Controller::render() - CORE/Cake/Controller/Controller.php, line 900
Dispatcher::_invoke() - CORE/Cake/Routing/Dispatcher.php, line 111
Dispatcher::dispatch() - CORE/Cake/Routing/Dispatcher.php, line 86
[main] - APP/webroot/index.php, line 96

2012-03-12 15:20:06 Warning: Warning (2): implode() [http://php.net/function.implode]: Invalid arguments passed in [/home/jitendra/public_html/myphone/app/View/Homes/csv/export.ctp, line 13]
Trace:
implode - [internal], line ??
include - APP/View/Homes/csv/export.ctp, line 13
View::_render() - CORE/Cake/View/View.php, line 595
View::render() - CORE/Cake/View/View.php, line 362
Controller::render() - CORE/Cake/Controller/Controller.php, line 900
Dispatcher::_invoke() - CORE/Cake/Routing/Dispatcher.php, line 111
Dispatcher::dispatch() - CORE/Cake/Routing/Dispatcher.php, line 86
[main] - APP/webroot/index.php, line 96

2012-03-12 15:20:06 Warning: Warning (2): implode() [http://php.net/function.implode]: Invalid arguments passed in [/home/jitendra/public_html/myphone/app/View/Homes/csv/export.ctp, line 13]
Trace:
implode - [internal], line ??
include - APP/View/Homes/csv/export.ctp, line 13
View::_render() - CORE/Cake/View/View.php, line 595
View::render() - CORE/Cake/View/View.php, line 362
Controller::render() - CORE/Cake/Controller/Controller.php, line 900
Dispatcher::_invoke() - CORE/Cake/Routing/Dispatcher.php, line 111
Dispatcher::dispatch() - CORE/Cake/Routing/Dispatcher.php, line 86
[main] - APP/webroot/index.php, line 96

2012-03-12 15:20:06 Warning: Warning (2): implode() [http://php.net/function.implode]: Invalid arguments passed in [/home/jitendra/public_html/myphone/app/View/Homes/csv/export.ctp, line 13]
Trace:
implode - [internal], line ??
include - APP/View/Homes/csv/export.ctp, line 13
View::_render() - CORE/Cake/View/View.php, line 595
View::render() - CORE/Cake/View/View.php, line 362
Controller::render() - CORE/Cake/Controller/Controller.php, line 900
Dispatcher::_invoke() - CORE/Cake/Routing/Dispatcher.php, line 111
Dispatcher::dispatch() - CORE/Cake/Routing/Dispatcher.php, line 86
[main] - APP/webroot/index.php, line 96

2012-03-12 15:20:06 Warning: Warning (2): implode() [http://php.net/function.implode]: Invalid arguments passed in [/home/jitendra/public_html/myphone/app/View/Homes/csv/export.ctp, line 13]
Trace:
implode - [internal], line ??
include - APP/View/Homes/csv/export.ctp, line 13
View::_render() - CORE/Cake/View/View.php, line 595
View::render() - CORE/Cake/View/View.php, line 362
Controller::render() - CORE/Cake/Controller/Controller.php, line 900
Dispatcher::_invoke() - CORE/Cake/Routing/Dispatcher.php, line 111
Dispatcher::dispatch() - CORE/Cake/Routing/Dispatcher.php, line 86
[main] - APP/webroot/index.php, line 96

2012-03-12 15:20:06 Warning: Warning (2): implode() [http://php.net/function.implode]: Invalid arguments passed in [/home/jitendra/public_html/myphone/app/View/Homes/csv/export.ctp, line 13]
Trace:
implode - [internal], line ??
include - APP/View/Homes/csv/export.ctp, line 13
View::_render() - CORE/Cake/View/View.php, line 595
View::render() - CORE/Cake/View/View.php, line 362
Controller::render() - CORE/Cake/Controller/Controller.php, line 900
Dispatcher::_invoke() - CORE/Cake/Routing/Dispatcher.php, line 111
Dispatcher::dispatch() - CORE/Cake/Routing/Dispatcher.php, line 86
[main] - APP/webroot/index.php, line 96

2012-03-12 15:20:06 Warning: Warning (2): implode() [http://php.net/function.implode]: Invalid arguments passed in [/home/jitendra/public_html/myphone/app/View/Homes/csv/export.ctp, line 13]
Trace:
implode - [internal], line ??
include - APP/View/Homes/csv/export.ctp, line 13
View::_render() - CORE/Cake/View/View.php, line 595
View::render() - CORE/Cake/View/View.php, line 362
Controller::render() - CORE/Cake/Controller/Controller.php, line 900
Dispatcher::_invoke() - CORE/Cake/Routing/Dispatcher.php, line 111
Dispatcher::dispatch() - CORE/Cake/Routing/Dispatcher.php, line 86
[main] - APP/webroot/index.php, line 96

